[INFO  - 2017-03-05T20:14:45.523Z] GhostDriver - Main - running on port 41868
[INFO  - 2017-03-05T20:14:45.670Z] Session [6037a110-01e0-11e7-9b76-dd4c33ea8d8d] - page.settings - {"XSSAuditingEnabled":false,"javascriptCanCloseWindows":true,"javascriptCanOpenWindows":true,"javascriptEnabled":true,"loadImages":true,"localToRemoteUrlAccessEnabled":false,"userAgent":"Mozilla/5.0 (Windows NT 6.2; WOW64) AppleWebKit/538.1 (KHTML, like Gecko) PhantomJS/2.1.1 Safari/538.1","webSecurityEnabled":true}
[INFO  - 2017-03-05T20:14:45.670Z] Session [6037a110-01e0-11e7-9b76-dd4c33ea8d8d] - page.customHeaders:  - {}
[INFO  - 2017-03-05T20:14:45.677Z] Session [6037a110-01e0-11e7-9b76-dd4c33ea8d8d] - Session.negotiatedCapabilities - {"browserName":"phantomjs","version":"2.1.1","driverName":"ghostdriver","driverVersion":"1.2.0","platform":"windows-10-32bit","javascriptEnabled":true,"takesScreenshot":true,"handlesAlerts":false,"databaseEnabled":false,"locationContextEnabled":false,"applicationCacheEnabled":false,"browserConnectionEnabled":false,"cssSelectorsEnabled":true,"webStorageEnabled":false,"rotatable":false,"acceptSslCerts":false,"nativeEvents":true,"proxy":{"proxyType":"direct"}}
[INFO  - 2017-03-05T20:14:45.677Z] SessionManagerReqHand - _postNewSessionCommand - New Session Created: 6037a110-01e0-11e7-9b76-dd4c33ea8d8d
[INFO  - 2017-03-05T20:14:46.716Z] ShutdownReqHand - _handle - About to shutdown
[INFO  - 2017-03-05T23:02:45.041Z] GhostDriver - Main - running on port 38014
[INFO  - 2017-03-05T23:02:45.159Z] Session [d80fbf30-01f7-11e7-b062-11dd8af41312] - page.settings - {"XSSAuditingEnabled":false,"javascriptCanCloseWindows":true,"javascriptCanOpenWindows":true,"javascriptEnabled":true,"loadImages":true,"localToRemoteUrlAccessEnabled":false,"userAgent":"Mozilla/5.0 (Windows NT 6.2; WOW64) AppleWebKit/538.1 (KHTML, like Gecko) PhantomJS/2.1.1 Safari/538.1","webSecurityEnabled":true}
[INFO  - 2017-03-05T23:02:45.160Z] Session [d80fbf30-01f7-11e7-b062-11dd8af41312] - page.customHeaders:  - {}
[INFO  - 2017-03-05T23:02:45.160Z] Session [d80fbf30-01f7-11e7-b062-11dd8af41312] - Session.negotiatedCapabilities - {"browserName":"phantomjs","version":"2.1.1","driverName":"ghostdriver","driverVersion":"1.2.0","platform":"windows-10-32bit","javascriptEnabled":true,"takesScreenshot":true,"handlesAlerts":false,"databaseEnabled":false,"locationContextEnabled":false,"applicationCacheEnabled":false,"browserConnectionEnabled":false,"cssSelectorsEnabled":true,"webStorageEnabled":false,"rotatable":false,"acceptSslCerts":false,"nativeEvents":true,"proxy":{"proxyType":"direct"}}
[INFO  - 2017-03-05T23:02:45.160Z] SessionManagerReqHand - _postNewSessionCommand - New Session Created: d80fbf30-01f7-11e7-b062-11dd8af41312
[INFO  - 2017-03-05T23:02:45.572Z] ShutdownReqHand - _handle - About to shutdown
[INFO  - 2017-03-05T23:28:50.946Z] GhostDriver - Main - running on port 13365
[INFO  - 2017-03-05T23:28:51.111Z] Session [7d713640-01fb-11e7-b66b-1d7daa46d7aa] - page.settings - {"XSSAuditingEnabled":false,"javascriptCanCloseWindows":true,"javascriptCanOpenWindows":true,"javascriptEnabled":true,"loadImages":true,"localToRemoteUrlAccessEnabled":false,"userAgent":"Mozilla/5.0 (Windows NT 6.2; WOW64) AppleWebKit/538.1 (KHTML, like Gecko) PhantomJS/2.1.1 Safari/538.1","webSecurityEnabled":true}
[INFO  - 2017-03-05T23:28:51.111Z] Session [7d713640-01fb-11e7-b66b-1d7daa46d7aa] - page.customHeaders:  - {}
[INFO  - 2017-03-05T23:28:51.111Z] Session [7d713640-01fb-11e7-b66b-1d7daa46d7aa] - Session.negotiatedCapabilities - {"browserName":"phantomjs","version":"2.1.1","driverName":"ghostdriver","driverVersion":"1.2.0","platform":"windows-10-32bit","javascriptEnabled":true,"takesScreenshot":true,"handlesAlerts":false,"databaseEnabled":false,"locationContextEnabled":false,"applicationCacheEnabled":false,"browserConnectionEnabled":false,"cssSelectorsEnabled":true,"webStorageEnabled":false,"rotatable":false,"acceptSslCerts":false,"nativeEvents":true,"proxy":{"proxyType":"direct"}}
[INFO  - 2017-03-05T23:28:51.112Z] SessionManagerReqHand - _postNewSessionCommand - New Session Created: 7d713640-01fb-11e7-b66b-1d7daa46d7aa
[INFO  - 2017-03-05T23:28:51.525Z] ShutdownReqHand - _handle - About to shutdown
[INFO  - 2017-03-05T23:35:35.054Z] GhostDriver - Main - running on port 44269
[INFO  - 2017-03-05T23:35:35.214Z] Session [6e4e2190-01fc-11e7-9c0b-3d88d16c8cc1] - page.settings - {"XSSAuditingEnabled":false,"javascriptCanCloseWindows":true,"javascriptCanOpenWindows":true,"javascriptEnabled":true,"loadImages":true,"localToRemoteUrlAccessEnabled":false,"userAgent":"Mozilla/5.0 (Windows NT 6.2; WOW64) AppleWebKit/538.1 (KHTML, like Gecko) PhantomJS/2.1.1 Safari/538.1","webSecurityEnabled":true}
[INFO  - 2017-03-05T23:35:35.214Z] Session [6e4e2190-01fc-11e7-9c0b-3d88d16c8cc1] - page.customHeaders:  - {}
[INFO  - 2017-03-05T23:35:35.214Z] Session [6e4e2190-01fc-11e7-9c0b-3d88d16c8cc1] - Session.negotiatedCapabilities - {"browserName":"phantomjs","version":"2.1.1","driverName":"ghostdriver","driverVersion":"1.2.0","platform":"windows-10-32bit","javascriptEnabled":true,"takesScreenshot":true,"handlesAlerts":false,"databaseEnabled":false,"locationContextEnabled":false,"applicationCacheEnabled":false,"browserConnectionEnabled":false,"cssSelectorsEnabled":true,"webStorageEnabled":false,"rotatable":false,"acceptSslCerts":false,"nativeEvents":true,"proxy":{"proxyType":"direct"}}
[INFO  - 2017-03-05T23:35:35.214Z] SessionManagerReqHand - _postNewSessionCommand - New Session Created: 6e4e2190-01fc-11e7-9c0b-3d88d16c8cc1
[INFO  - 2017-03-05T23:35:35.752Z] ShutdownReqHand - _handle - About to shutdown
[INFO  - 2017-03-05T23:48:55.878Z] GhostDriver - Main - running on port 23862
[INFO  - 2017-03-05T23:48:56.031Z] Session [4ba142b0-01fe-11e7-ad5c-1b403ad4f9b1] - page.settings - {"XSSAuditingEnabled":false,"javascriptCanCloseWindows":true,"javascriptCanOpenWindows":true,"javascriptEnabled":true,"loadImages":true,"localToRemoteUrlAccessEnabled":false,"userAgent":"Mozilla/5.0 (Windows NT 6.2; WOW64) AppleWebKit/538.1 (KHTML, like Gecko) PhantomJS/2.1.1 Safari/538.1","webSecurityEnabled":true}
[INFO  - 2017-03-05T23:48:56.031Z] Session [4ba142b0-01fe-11e7-ad5c-1b403ad4f9b1] - page.customHeaders:  - {}
[INFO  - 2017-03-05T23:48:56.031Z] Session [4ba142b0-01fe-11e7-ad5c-1b403ad4f9b1] - Session.negotiatedCapabilities - {"browserName":"phantomjs","version":"2.1.1","driverName":"ghostdriver","driverVersion":"1.2.0","platform":"windows-10-32bit","javascriptEnabled":true,"takesScreenshot":true,"handlesAlerts":false,"databaseEnabled":false,"locationContextEnabled":false,"applicationCacheEnabled":false,"browserConnectionEnabled":false,"cssSelectorsEnabled":true,"webStorageEnabled":false,"rotatable":false,"acceptSslCerts":false,"nativeEvents":true,"proxy":{"proxyType":"direct"}}
[INFO  - 2017-03-05T23:48:56.031Z] SessionManagerReqHand - _postNewSessionCommand - New Session Created: 4ba142b0-01fe-11e7-ad5c-1b403ad4f9b1
[INFO  - 2017-03-05T23:48:56.568Z] ShutdownReqHand - _handle - About to shutdown
[INFO  - 2017-03-06T00:47:10.111Z] GhostDriver - Main - running on port 25453
[INFO  - 2017-03-06T00:47:10.239Z] Session [6e573dc0-0206-11e7-992a-1facaced63e4] - page.settings - {"XSSAuditingEnabled":false,"javascriptCanCloseWindows":true,"javascriptCanOpenWindows":true,"javascriptEnabled":true,"loadImages":true,"localToRemoteUrlAccessEnabled":false,"userAgent":"Mozilla/5.0 (Windows NT 6.2; WOW64) AppleWebKit/538.1 (KHTML, like Gecko) PhantomJS/2.1.1 Safari/538.1","webSecurityEnabled":true}
[INFO  - 2017-03-06T00:47:10.239Z] Session [6e573dc0-0206-11e7-992a-1facaced63e4] - page.customHeaders:  - {}
[INFO  - 2017-03-06T00:47:10.239Z] Session [6e573dc0-0206-11e7-992a-1facaced63e4] - Session.negotiatedCapabilities - {"browserName":"phantomjs","version":"2.1.1","driverName":"ghostdriver","driverVersion":"1.2.0","platform":"windows-10-32bit","javascriptEnabled":true,"takesScreenshot":true,"handlesAlerts":false,"databaseEnabled":false,"locationContextEnabled":false,"applicationCacheEnabled":false,"browserConnectionEnabled":false,"cssSelectorsEnabled":true,"webStorageEnabled":false,"rotatable":false,"acceptSslCerts":false,"nativeEvents":true,"proxy":{"proxyType":"direct"}}
[INFO  - 2017-03-06T00:47:10.240Z] SessionManagerReqHand - _postNewSessionCommand - New Session Created: 6e573dc0-0206-11e7-992a-1facaced63e4
[INFO  - 2017-03-06T00:47:10.648Z] ShutdownReqHand - _handle - About to shutdown
[INFO  - 2017-03-06T01:14:52.229Z] GhostDriver - Main - running on port 42479
[INFO  - 2017-03-06T01:14:52.384Z] Session [4d0e49c0-020a-11e7-9edf-011aa6b819e4] - page.settings - {"XSSAuditingEnabled":false,"javascriptCanCloseWindows":true,"javascriptCanOpenWindows":true,"javascriptEnabled":true,"loadImages":true,"localToRemoteUrlAccessEnabled":false,"userAgent":"Mozilla/5.0 (Windows NT 6.2; WOW64) AppleWebKit/538.1 (KHTML, like Gecko) PhantomJS/2.1.1 Safari/538.1","webSecurityEnabled":true}
[INFO  - 2017-03-06T01:14:52.384Z] Session [4d0e49c0-020a-11e7-9edf-011aa6b819e4] - page.customHeaders:  - {}
[INFO  - 2017-03-06T01:14:52.384Z] Session [4d0e49c0-020a-11e7-9edf-011aa6b819e4] - Session.negotiatedCapabilities - {"browserName":"phantomjs","version":"2.1.1","driverName":"ghostdriver","driverVersion":"1.2.0","platform":"windows-10-32bit","javascriptEnabled":true,"takesScreenshot":true,"handlesAlerts":false,"databaseEnabled":false,"locationContextEnabled":false,"applicationCacheEnabled":false,"browserConnectionEnabled":false,"cssSelectorsEnabled":true,"webStorageEnabled":false,"rotatable":false,"acceptSslCerts":false,"nativeEvents":true,"proxy":{"proxyType":"direct"}}
[INFO  - 2017-03-06T01:14:52.384Z] SessionManagerReqHand - _postNewSessionCommand - New Session Created: 4d0e49c0-020a-11e7-9edf-011aa6b819e4
[INFO  - 2017-03-06T01:14:52.805Z] ShutdownReqHand - _handle - About to shutdown
[INFO  - 2017-03-06T01:16:11.555Z] GhostDriver - Main - running on port 27564
[INFO  - 2017-03-06T01:16:11.719Z] Session [7c57d930-020a-11e7-9f56-bfb8b5a17383] - page.settings - {"XSSAuditingEnabled":false,"javascriptCanCloseWindows":true,"javascriptCanOpenWindows":true,"javascriptEnabled":true,"loadImages":true,"localToRemoteUrlAccessEnabled":false,"userAgent":"Mozilla/5.0 (Windows NT 6.2; WOW64) AppleWebKit/538.1 (KHTML, like Gecko) PhantomJS/2.1.1 Safari/538.1","webSecurityEnabled":true}
[INFO  - 2017-03-06T01:16:11.719Z] Session [7c57d930-020a-11e7-9f56-bfb8b5a17383] - page.customHeaders:  - {}
[INFO  - 2017-03-06T01:16:11.719Z] Session [7c57d930-020a-11e7-9f56-bfb8b5a17383] - Session.negotiatedCapabilities - {"browserName":"phantomjs","version":"2.1.1","driverName":"ghostdriver","driverVersion":"1.2.0","platform":"windows-10-32bit","javascriptEnabled":true,"takesScreenshot":true,"handlesAlerts":false,"databaseEnabled":false,"locationContextEnabled":false,"applicationCacheEnabled":false,"browserConnectionEnabled":false,"cssSelectorsEnabled":true,"webStorageEnabled":false,"rotatable":false,"acceptSslCerts":false,"nativeEvents":true,"proxy":{"proxyType":"direct"}}
[INFO  - 2017-03-06T01:16:11.719Z] SessionManagerReqHand - _postNewSessionCommand - New Session Created: 7c57d930-020a-11e7-9f56-bfb8b5a17383
[INFO  - 2017-03-06T01:16:12.128Z] ShutdownReqHand - _handle - About to shutdown
[INFO  - 2017-03-06T01:16:49.820Z] GhostDriver - Main - running on port 11302
[INFO  - 2017-03-06T01:16:49.967Z] Session [932407b0-020a-11e7-b512-a783875bd4e9] - page.settings - {"XSSAuditingEnabled":false,"javascriptCanCloseWindows":true,"javascriptCanOpenWindows":true,"javascriptEnabled":true,"loadImages":true,"localToRemoteUrlAccessEnabled":false,"userAgent":"Mozilla/5.0 (Windows NT 6.2; WOW64) AppleWebKit/538.1 (KHTML, like Gecko) PhantomJS/2.1.1 Safari/538.1","webSecurityEnabled":true}
[INFO  - 2017-03-06T01:16:49.967Z] Session [932407b0-020a-11e7-b512-a783875bd4e9] - page.customHeaders:  - {}
[INFO  - 2017-03-06T01:16:49.967Z] Session [932407b0-020a-11e7-b512-a783875bd4e9] - Session.negotiatedCapabilities - {"browserName":"phantomjs","version":"2.1.1","driverName":"ghostdriver","driverVersion":"1.2.0","platform":"windows-10-32bit","javascriptEnabled":true,"takesScreenshot":true,"handlesAlerts":false,"databaseEnabled":false,"locationContextEnabled":false,"applicationCacheEnabled":false,"browserConnectionEnabled":false,"cssSelectorsEnabled":true,"webStorageEnabled":false,"rotatable":false,"acceptSslCerts":false,"nativeEvents":true,"proxy":{"proxyType":"direct"}}
[INFO  - 2017-03-06T01:16:49.967Z] SessionManagerReqHand - _postNewSessionCommand - New Session Created: 932407b0-020a-11e7-b512-a783875bd4e9
[INFO  - 2017-03-06T01:16:50.509Z] ShutdownReqHand - _handle - About to shutdown
[INFO  - 2017-03-06T02:45:45.619Z] GhostDriver - Main - running on port 9548
[INFO  - 2017-03-06T02:45:45.817Z] Session [ff8e2050-0216-11e7-9211-030a805ab0d5] - page.settings - {"XSSAuditingEnabled":false,"javascriptCanCloseWindows":true,"javascriptCanOpenWindows":true,"javascriptEnabled":true,"loadImages":true,"localToRemoteUrlAccessEnabled":false,"userAgent":"Mozilla/5.0 (Windows NT 6.2; WOW64) AppleWebKit/538.1 (KHTML, like Gecko) PhantomJS/2.1.1 Safari/538.1","webSecurityEnabled":true}
[INFO  - 2017-03-06T02:45:45.818Z] Session [ff8e2050-0216-11e7-9211-030a805ab0d5] - page.customHeaders:  - {}
[INFO  - 2017-03-06T02:45:45.818Z] Session [ff8e2050-0216-11e7-9211-030a805ab0d5] - Session.negotiatedCapabilities - {"browserName":"phantomjs","version":"2.1.1","driverName":"ghostdriver","driverVersion":"1.2.0","platform":"windows-10-32bit","javascriptEnabled":true,"takesScreenshot":true,"handlesAlerts":false,"databaseEnabled":false,"locationContextEnabled":false,"applicationCacheEnabled":false,"browserConnectionEnabled":false,"cssSelectorsEnabled":true,"webStorageEnabled":false,"rotatable":false,"acceptSslCerts":false,"nativeEvents":true,"proxy":{"proxyType":"direct"}}
[INFO  - 2017-03-06T02:45:45.818Z] SessionManagerReqHand - _postNewSessionCommand - New Session Created: ff8e2050-0216-11e7-9211-030a805ab0d5
[INFO  - 2017-03-06T02:45:46.227Z] ShutdownReqHand - _handle - About to shutdown
[INFO  - 2017-03-06T02:48:44.042Z] GhostDriver - Main - running on port 41203
[INFO  - 2017-03-06T02:48:44.208Z] Session [69e295d0-0217-11e7-885c-7bb78affc5aa] - page.settings - {"XSSAuditingEnabled":false,"javascriptCanCloseWindows":true,"javascriptCanOpenWindows":true,"javascriptEnabled":true,"loadImages":true,"localToRemoteUrlAccessEnabled":false,"userAgent":"Mozilla/5.0 (Windows NT 6.2; WOW64) AppleWebKit/538.1 (KHTML, like Gecko) PhantomJS/2.1.1 Safari/538.1","webSecurityEnabled":true}
[INFO  - 2017-03-06T02:48:44.208Z] Session [69e295d0-0217-11e7-885c-7bb78affc5aa] - page.customHeaders:  - {}
[INFO  - 2017-03-06T02:48:44.208Z] Session [69e295d0-0217-11e7-885c-7bb78affc5aa] - Session.negotiatedCapabilities - {"browserName":"phantomjs","version":"2.1.1","driverName":"ghostdriver","driverVersion":"1.2.0","platform":"windows-10-32bit","javascriptEnabled":true,"takesScreenshot":true,"handlesAlerts":false,"databaseEnabled":false,"locationContextEnabled":false,"applicationCacheEnabled":false,"browserConnectionEnabled":false,"cssSelectorsEnabled":true,"webStorageEnabled":false,"rotatable":false,"acceptSslCerts":false,"nativeEvents":true,"proxy":{"proxyType":"direct"}}
[INFO  - 2017-03-06T02:48:44.209Z] SessionManagerReqHand - _postNewSessionCommand - New Session Created: 69e295d0-0217-11e7-885c-7bb78affc5aa
[INFO  - 2017-03-06T02:48:44.625Z] ShutdownReqHand - _handle - About to shutdown
[INFO  - 2017-03-06T02:52:06.405Z] GhostDriver - Main - running on port 32922
[INFO  - 2017-03-06T02:52:07.059Z] Session [e2cb3100-0217-11e7-965a-e5d415b17b20] - page.settings - {"XSSAuditingEnabled":false,"javascriptCanCloseWindows":true,"javascriptCanOpenWindows":true,"javascriptEnabled":true,"loadImages":true,"localToRemoteUrlAccessEnabled":false,"userAgent":"Mozilla/5.0 (Windows NT 6.2; WOW64) AppleWebKit/538.1 (KHTML, like Gecko) PhantomJS/2.1.1 Safari/538.1","webSecurityEnabled":true}
[INFO  - 2017-03-06T02:52:07.060Z] Session [e2cb3100-0217-11e7-965a-e5d415b17b20] - page.customHeaders:  - {}
[INFO  - 2017-03-06T02:52:07.060Z] Session [e2cb3100-0217-11e7-965a-e5d415b17b20] - Session.negotiatedCapabilities - {"browserName":"phantomjs","version":"2.1.1","driverName":"ghostdriver","driverVersion":"1.2.0","platform":"windows-10-32bit","javascriptEnabled":true,"takesScreenshot":true,"handlesAlerts":false,"databaseEnabled":false,"locationContextEnabled":false,"applicationCacheEnabled":false,"browserConnectionEnabled":false,"cssSelectorsEnabled":true,"webStorageEnabled":false,"rotatable":false,"acceptSslCerts":false,"nativeEvents":true,"proxy":{"proxyType":"direct"}}
[INFO  - 2017-03-06T02:52:07.060Z] SessionManagerReqHand - _postNewSessionCommand - New Session Created: e2cb3100-0217-11e7-965a-e5d415b17b20
[INFO  - 2017-03-06T02:52:07.486Z] ShutdownReqHand - _handle - About to shutdown
[INFO  - 2017-03-06T02:55:10.752Z] GhostDriver - Main - running on port 11766
[INFO  - 2017-03-06T02:55:10.871Z] Session [505a8630-0218-11e7-afa1-1f81a235e871] - page.settings - {"XSSAuditingEnabled":false,"javascriptCanCloseWindows":true,"javascriptCanOpenWindows":true,"javascriptEnabled":true,"loadImages":true,"localToRemoteUrlAccessEnabled":false,"userAgent":"Mozilla/5.0 (Windows NT 6.2; WOW64) AppleWebKit/538.1 (KHTML, like Gecko) PhantomJS/2.1.1 Safari/538.1","webSecurityEnabled":true}
[INFO  - 2017-03-06T02:55:10.871Z] Session [505a8630-0218-11e7-afa1-1f81a235e871] - page.customHeaders:  - {}
[INFO  - 2017-03-06T02:55:10.871Z] Session [505a8630-0218-11e7-afa1-1f81a235e871] - Session.negotiatedCapabilities - {"browserName":"phantomjs","version":"2.1.1","driverName":"ghostdriver","driverVersion":"1.2.0","platform":"windows-10-32bit","javascriptEnabled":true,"takesScreenshot":true,"handlesAlerts":false,"databaseEnabled":false,"locationContextEnabled":false,"applicationCacheEnabled":false,"browserConnectionEnabled":false,"cssSelectorsEnabled":true,"webStorageEnabled":false,"rotatable":false,"acceptSslCerts":false,"nativeEvents":true,"proxy":{"proxyType":"direct"}}
[INFO  - 2017-03-06T02:55:10.871Z] SessionManagerReqHand - _postNewSessionCommand - New Session Created: 505a8630-0218-11e7-afa1-1f81a235e871
[INFO  - 2017-03-06T02:55:11.393Z] ShutdownReqHand - _handle - About to shutdown
[INFO  - 2017-03-06T03:01:30.299Z] GhostDriver - Main - running on port 18494
[INFO  - 2017-03-06T03:01:30.453Z] Session [329a2410-0219-11e7-86c0-db22e1534656] - page.settings - {"XSSAuditingEnabled":false,"javascriptCanCloseWindows":true,"javascriptCanOpenWindows":true,"javascriptEnabled":true,"loadImages":true,"localToRemoteUrlAccessEnabled":false,"userAgent":"Mozilla/5.0 (Windows NT 6.2; WOW64) AppleWebKit/538.1 (KHTML, like Gecko) PhantomJS/2.1.1 Safari/538.1","webSecurityEnabled":true}
[INFO  - 2017-03-06T03:01:30.453Z] Session [329a2410-0219-11e7-86c0-db22e1534656] - page.customHeaders:  - {}
[INFO  - 2017-03-06T03:01:30.453Z] Session [329a2410-0219-11e7-86c0-db22e1534656] - Session.negotiatedCapabilities - {"browserName":"phantomjs","version":"2.1.1","driverName":"ghostdriver","driverVersion":"1.2.0","platform":"windows-10-32bit","javascriptEnabled":true,"takesScreenshot":true,"handlesAlerts":false,"databaseEnabled":false,"locationContextEnabled":false,"applicationCacheEnabled":false,"browserConnectionEnabled":false,"cssSelectorsEnabled":true,"webStorageEnabled":false,"rotatable":false,"acceptSslCerts":false,"nativeEvents":true,"proxy":{"proxyType":"direct"}}
[INFO  - 2017-03-06T03:01:30.453Z] SessionManagerReqHand - _postNewSessionCommand - New Session Created: 329a2410-0219-11e7-86c0-db22e1534656
[INFO  - 2017-03-06T03:01:30.865Z] ShutdownReqHand - _handle - About to shutdown
[INFO  - 2017-03-06T03:14:08.686Z] GhostDriver - Main - running on port 19651
[INFO  - 2017-03-06T03:14:08.805Z] Session [f69d7910-021a-11e7-81d3-f9a0a2df8120] - page.settings - {"XSSAuditingEnabled":false,"javascriptCanCloseWindows":true,"javascriptCanOpenWindows":true,"javascriptEnabled":true,"loadImages":true,"localToRemoteUrlAccessEnabled":false,"userAgent":"Mozilla/5.0 (Windows NT 6.2; WOW64) AppleWebKit/538.1 (KHTML, like Gecko) PhantomJS/2.1.1 Safari/538.1","webSecurityEnabled":true}
[INFO  - 2017-03-06T03:14:08.805Z] Session [f69d7910-021a-11e7-81d3-f9a0a2df8120] - page.customHeaders:  - {}
[INFO  - 2017-03-06T03:14:08.805Z] Session [f69d7910-021a-11e7-81d3-f9a0a2df8120] - Session.negotiatedCapabilities - {"browserName":"phantomjs","version":"2.1.1","driverName":"ghostdriver","driverVersion":"1.2.0","platform":"windows-10-32bit","javascriptEnabled":true,"takesScreenshot":true,"handlesAlerts":false,"databaseEnabled":false,"locationContextEnabled":false,"applicationCacheEnabled":false,"browserConnectionEnabled":false,"cssSelectorsEnabled":true,"webStorageEnabled":false,"rotatable":false,"acceptSslCerts":false,"nativeEvents":true,"proxy":{"proxyType":"direct"}}
[INFO  - 2017-03-06T03:14:08.805Z] SessionManagerReqHand - _postNewSessionCommand - New Session Created: f69d7910-021a-11e7-81d3-f9a0a2df8120
[INFO  - 2017-03-06T03:14:09.344Z] ShutdownReqHand - _handle - About to shutdown
[INFO  - 2017-03-06T09:01:38.278Z] GhostDriver - Main - running on port 10274
[INFO  - 2017-03-06T09:01:38.865Z] Session [823825d0-024b-11e7-9a2e-67985a0a5f0b] - page.settings - {"XSSAuditingEnabled":false,"javascriptCanCloseWindows":true,"javascriptCanOpenWindows":true,"javascriptEnabled":true,"loadImages":true,"localToRemoteUrlAccessEnabled":false,"userAgent":"Mozilla/5.0 (Windows NT 6.2; WOW64) AppleWebKit/538.1 (KHTML, like Gecko) PhantomJS/2.1.1 Safari/538.1","webSecurityEnabled":true}
[INFO  - 2017-03-06T09:01:38.865Z] Session [823825d0-024b-11e7-9a2e-67985a0a5f0b] - page.customHeaders:  - {}
[INFO  - 2017-03-06T09:01:38.865Z] Session [823825d0-024b-11e7-9a2e-67985a0a5f0b] - Session.negotiatedCapabilities - {"browserName":"phantomjs","version":"2.1.1","driverName":"ghostdriver","driverVersion":"1.2.0","platform":"windows-10-32bit","javascriptEnabled":true,"takesScreenshot":true,"handlesAlerts":false,"databaseEnabled":false,"locationContextEnabled":false,"applicationCacheEnabled":false,"browserConnectionEnabled":false,"cssSelectorsEnabled":true,"webStorageEnabled":false,"rotatable":false,"acceptSslCerts":false,"nativeEvents":true,"proxy":{"proxyType":"direct"}}
[INFO  - 2017-03-06T09:01:38.865Z] SessionManagerReqHand - _postNewSessionCommand - New Session Created: 823825d0-024b-11e7-9a2e-67985a0a5f0b
[INFO  - 2017-03-06T09:01:39.274Z] ShutdownReqHand - _handle - About to shutdown
[INFO  - 2017-03-06T09:07:28.886Z] GhostDriver - Main - running on port 30490
[INFO  - 2017-03-06T09:07:29.572Z] Session [5341ca00-024c-11e7-a64f-89053351becd] - page.settings - {"XSSAuditingEnabled":false,"javascriptCanCloseWindows":true,"javascriptCanOpenWindows":true,"javascriptEnabled":true,"loadImages":true,"localToRemoteUrlAccessEnabled":false,"userAgent":"Mozilla/5.0 (Windows NT 6.2; WOW64) AppleWebKit/538.1 (KHTML, like Gecko) PhantomJS/2.1.1 Safari/538.1","webSecurityEnabled":true}
[INFO  - 2017-03-06T09:07:29.573Z] Session [5341ca00-024c-11e7-a64f-89053351becd] - page.customHeaders:  - {}
[INFO  - 2017-03-06T09:07:29.573Z] Session [5341ca00-024c-11e7-a64f-89053351becd] - Session.negotiatedCapabilities - {"browserName":"phantomjs","version":"2.1.1","driverName":"ghostdriver","driverVersion":"1.2.0","platform":"windows-10-32bit","javascriptEnabled":true,"takesScreenshot":true,"handlesAlerts":false,"databaseEnabled":false,"locationContextEnabled":false,"applicationCacheEnabled":false,"browserConnectionEnabled":false,"cssSelectorsEnabled":true,"webStorageEnabled":false,"rotatable":false,"acceptSslCerts":false,"nativeEvents":true,"proxy":{"proxyType":"direct"}}
[INFO  - 2017-03-06T09:07:29.573Z] SessionManagerReqHand - _postNewSessionCommand - New Session Created: 5341ca00-024c-11e7-a64f-89053351becd
[INFO  - 2017-03-06T09:07:30.098Z] ShutdownReqHand - _handle - About to shutdown
[INFO  - 2017-03-06T09:11:37.742Z] GhostDriver - Main - running on port 42416
[INFO  - 2017-03-06T09:11:38.418Z] Session [e79485d0-024c-11e7-bed3-ab73caba09dd] - page.settings - {"XSSAuditingEnabled":false,"javascriptCanCloseWindows":true,"javascriptCanOpenWindows":true,"javascriptEnabled":true,"loadImages":true,"localToRemoteUrlAccessEnabled":false,"userAgent":"Mozilla/5.0 (Windows NT 6.2; WOW64) AppleWebKit/538.1 (KHTML, like Gecko) PhantomJS/2.1.1 Safari/538.1","webSecurityEnabled":true}
[INFO  - 2017-03-06T09:11:38.418Z] Session [e79485d0-024c-11e7-bed3-ab73caba09dd] - page.customHeaders:  - {}
[INFO  - 2017-03-06T09:11:38.418Z] Session [e79485d0-024c-11e7-bed3-ab73caba09dd] - Session.negotiatedCapabilities - {"browserName":"phantomjs","version":"2.1.1","driverName":"ghostdriver","driverVersion":"1.2.0","platform":"windows-10-32bit","javascriptEnabled":true,"takesScreenshot":true,"handlesAlerts":false,"databaseEnabled":false,"locationContextEnabled":false,"applicationCacheEnabled":false,"browserConnectionEnabled":false,"cssSelectorsEnabled":true,"webStorageEnabled":false,"rotatable":false,"acceptSslCerts":false,"nativeEvents":true,"proxy":{"proxyType":"direct"}}
[INFO  - 2017-03-06T09:11:38.418Z] SessionManagerReqHand - _postNewSessionCommand - New Session Created: e79485d0-024c-11e7-bed3-ab73caba09dd
[INFO  - 2017-03-06T09:11:38.942Z] ShutdownReqHand - _handle - About to shutdown
[INFO  - 2017-03-06T09:13:00.073Z] GhostDriver - Main - running on port 21980
[INFO  - 2017-03-06T09:13:00.223Z] Session [185747c0-024d-11e7-bd94-a5cf51fe33a4] - page.settings - {"XSSAuditingEnabled":false,"javascriptCanCloseWindows":true,"javascriptCanOpenWindows":true,"javascriptEnabled":true,"loadImages":true,"localToRemoteUrlAccessEnabled":false,"userAgent":"Mozilla/5.0 (Windows NT 6.2; WOW64) AppleWebKit/538.1 (KHTML, like Gecko) PhantomJS/2.1.1 Safari/538.1","webSecurityEnabled":true}
[INFO  - 2017-03-06T09:13:00.223Z] Session [185747c0-024d-11e7-bd94-a5cf51fe33a4] - page.customHeaders:  - {}
[INFO  - 2017-03-06T09:13:00.224Z] Session [185747c0-024d-11e7-bd94-a5cf51fe33a4] - Session.negotiatedCapabilities - {"browserName":"phantomjs","version":"2.1.1","driverName":"ghostdriver","driverVersion":"1.2.0","platform":"windows-10-32bit","javascriptEnabled":true,"takesScreenshot":true,"handlesAlerts":false,"databaseEnabled":false,"locationContextEnabled":false,"applicationCacheEnabled":false,"browserConnectionEnabled":false,"cssSelectorsEnabled":true,"webStorageEnabled":false,"rotatable":false,"acceptSslCerts":false,"nativeEvents":true,"proxy":{"proxyType":"direct"}}
[INFO  - 2017-03-06T09:13:00.224Z] SessionManagerReqHand - _postNewSessionCommand - New Session Created: 185747c0-024d-11e7-bd94-a5cf51fe33a4
[INFO  - 2017-03-06T09:13:00.767Z] ShutdownReqHand - _handle - About to shutdown
[INFO  - 2017-03-06T09:17:40.335Z] GhostDriver - Main - running on port 10403
[INFO  - 2017-03-06T09:17:40.459Z] Session [bf5f9860-024d-11e7-af46-b376c42a3cdd] - page.settings - {"XSSAuditingEnabled":false,"javascriptCanCloseWindows":true,"javascriptCanOpenWindows":true,"javascriptEnabled":true,"loadImages":true,"localToRemoteUrlAccessEnabled":false,"userAgent":"Mozilla/5.0 (Windows NT 6.2; WOW64) AppleWebKit/538.1 (KHTML, like Gecko) PhantomJS/2.1.1 Safari/538.1","webSecurityEnabled":true}
[INFO  - 2017-03-06T09:17:40.459Z] Session [bf5f9860-024d-11e7-af46-b376c42a3cdd] - page.customHeaders:  - {}
[INFO  - 2017-03-06T09:17:40.459Z] Session [bf5f9860-024d-11e7-af46-b376c42a3cdd] - Session.negotiatedCapabilities - {"browserName":"phantomjs","version":"2.1.1","driverName":"ghostdriver","driverVersion":"1.2.0","platform":"windows-10-32bit","javascriptEnabled":true,"takesScreenshot":true,"handlesAlerts":false,"databaseEnabled":false,"locationContextEnabled":false,"applicationCacheEnabled":false,"browserConnectionEnabled":false,"cssSelectorsEnabled":true,"webStorageEnabled":false,"rotatable":false,"acceptSslCerts":false,"nativeEvents":true,"proxy":{"proxyType":"direct"}}
[INFO  - 2017-03-06T09:17:40.459Z] SessionManagerReqHand - _postNewSessionCommand - New Session Created: bf5f9860-024d-11e7-af46-b376c42a3cdd
[INFO  - 2017-03-06T09:17:40.992Z] ShutdownReqHand - _handle - About to shutdown
[INFO  - 2017-03-06T09:29:52.305Z] GhostDriver - Main - running on port 14746
[INFO  - 2017-03-06T09:29:52.431Z] Session [73a9a8a0-024f-11e7-be61-399f6ddba739] - page.settings - {"XSSAuditingEnabled":false,"javascriptCanCloseWindows":true,"javascriptCanOpenWindows":true,"javascriptEnabled":true,"loadImages":true,"localToRemoteUrlAccessEnabled":false,"userAgent":"Mozilla/5.0 (Windows NT 6.2; WOW64) AppleWebKit/538.1 (KHTML, like Gecko) PhantomJS/2.1.1 Safari/538.1","webSecurityEnabled":true}
[INFO  - 2017-03-06T09:29:52.431Z] Session [73a9a8a0-024f-11e7-be61-399f6ddba739] - page.customHeaders:  - {}
[INFO  - 2017-03-06T09:29:52.431Z] Session [73a9a8a0-024f-11e7-be61-399f6ddba739] - Session.negotiatedCapabilities - {"browserName":"phantomjs","version":"2.1.1","driverName":"ghostdriver","driverVersion":"1.2.0","platform":"windows-10-32bit","javascriptEnabled":true,"takesScreenshot":true,"handlesAlerts":false,"databaseEnabled":false,"locationContextEnabled":false,"applicationCacheEnabled":false,"browserConnectionEnabled":false,"cssSelectorsEnabled":true,"webStorageEnabled":false,"rotatable":false,"acceptSslCerts":false,"nativeEvents":true,"proxy":{"proxyType":"direct"}}
[INFO  - 2017-03-06T09:29:52.431Z] SessionManagerReqHand - _postNewSessionCommand - New Session Created: 73a9a8a0-024f-11e7-be61-399f6ddba739
[INFO  - 2017-03-06T09:29:52.990Z] ShutdownReqHand - _handle - About to shutdown
[INFO  - 2017-03-06T09:41:16.752Z] GhostDriver - Main - running on port 12932
[INFO  - 2017-03-06T09:41:16.914Z] Session [0ba5a0e0-0251-11e7-a477-ffd4171892e6] - page.settings - {"XSSAuditingEnabled":false,"javascriptCanCloseWindows":true,"javascriptCanOpenWindows":true,"javascriptEnabled":true,"loadImages":true,"localToRemoteUrlAccessEnabled":false,"userAgent":"Mozilla/5.0 (Windows NT 6.2; WOW64) AppleWebKit/538.1 (KHTML, like Gecko) PhantomJS/2.1.1 Safari/538.1","webSecurityEnabled":true}
[INFO  - 2017-03-06T09:41:16.914Z] Session [0ba5a0e0-0251-11e7-a477-ffd4171892e6] - page.customHeaders:  - {}
[INFO  - 2017-03-06T09:41:16.914Z] Session [0ba5a0e0-0251-11e7-a477-ffd4171892e6] - Session.negotiatedCapabilities - {"browserName":"phantomjs","version":"2.1.1","driverName":"ghostdriver","driverVersion":"1.2.0","platform":"windows-10-32bit","javascriptEnabled":true,"takesScreenshot":true,"handlesAlerts":false,"databaseEnabled":false,"locationContextEnabled":false,"applicationCacheEnabled":false,"browserConnectionEnabled":false,"cssSelectorsEnabled":true,"webStorageEnabled":false,"rotatable":false,"acceptSslCerts":false,"nativeEvents":true,"proxy":{"proxyType":"direct"}}
[INFO  - 2017-03-06T09:41:16.915Z] SessionManagerReqHand - _postNewSessionCommand - New Session Created: 0ba5a0e0-0251-11e7-a477-ffd4171892e6
[INFO  - 2017-03-06T09:41:17.328Z] ShutdownReqHand - _handle - About to shutdown
[INFO  - 2017-03-06T09:49:52.940Z] GhostDriver - Main - running on port 15577
[INFO  - 2017-03-06T09:49:53.097Z] Session [3f50e750-0252-11e7-9452-276d172d806a] - page.settings - {"XSSAuditingEnabled":false,"javascriptCanCloseWindows":true,"javascriptCanOpenWindows":true,"javascriptEnabled":true,"loadImages":true,"localToRemoteUrlAccessEnabled":false,"userAgent":"Mozilla/5.0 (Windows NT 6.2; WOW64) AppleWebKit/538.1 (KHTML, like Gecko) PhantomJS/2.1.1 Safari/538.1","webSecurityEnabled":true}
[INFO  - 2017-03-06T09:49:53.097Z] Session [3f50e750-0252-11e7-9452-276d172d806a] - page.customHeaders:  - {}
[INFO  - 2017-03-06T09:49:53.097Z] Session [3f50e750-0252-11e7-9452-276d172d806a] - Session.negotiatedCapabilities - {"browserName":"phantomjs","version":"2.1.1","driverName":"ghostdriver","driverVersion":"1.2.0","platform":"windows-10-32bit","javascriptEnabled":true,"takesScreenshot":true,"handlesAlerts":false,"databaseEnabled":false,"locationContextEnabled":false,"applicationCacheEnabled":false,"browserConnectionEnabled":false,"cssSelectorsEnabled":true,"webStorageEnabled":false,"rotatable":false,"acceptSslCerts":false,"nativeEvents":true,"proxy":{"proxyType":"direct"}}
[INFO  - 2017-03-06T09:49:53.098Z] SessionManagerReqHand - _postNewSessionCommand - New Session Created: 3f50e750-0252-11e7-9452-276d172d806a
[INFO  - 2017-03-06T09:49:53.505Z] ShutdownReqHand - _handle - About to shutdown
[INFO  - 2017-03-06T09:51:51.900Z] GhostDriver - Main - running on port 15335
[INFO  - 2017-03-06T09:51:52.579Z] Session [868868f0-0252-11e7-9589-63f6d9993544] - page.settings - {"XSSAuditingEnabled":false,"javascriptCanCloseWindows":true,"javascriptCanOpenWindows":true,"javascriptEnabled":true,"loadImages":true,"localToRemoteUrlAccessEnabled":false,"userAgent":"Mozilla/5.0 (Windows NT 6.2; WOW64) AppleWebKit/538.1 (KHTML, like Gecko) PhantomJS/2.1.1 Safari/538.1","webSecurityEnabled":true}
[INFO  - 2017-03-06T09:51:52.579Z] Session [868868f0-0252-11e7-9589-63f6d9993544] - page.customHeaders:  - {}
[INFO  - 2017-03-06T09:51:52.579Z] Session [868868f0-0252-11e7-9589-63f6d9993544] - Session.negotiatedCapabilities - {"browserName":"phantomjs","version":"2.1.1","driverName":"ghostdriver","driverVersion":"1.2.0","platform":"windows-10-32bit","javascriptEnabled":true,"takesScreenshot":true,"handlesAlerts":false,"databaseEnabled":false,"locationContextEnabled":false,"applicationCacheEnabled":false,"browserConnectionEnabled":false,"cssSelectorsEnabled":true,"webStorageEnabled":false,"rotatable":false,"acceptSslCerts":false,"nativeEvents":true,"proxy":{"proxyType":"direct"}}
[INFO  - 2017-03-06T09:51:52.579Z] SessionManagerReqHand - _postNewSessionCommand - New Session Created: 868868f0-0252-11e7-9589-63f6d9993544
[INFO  - 2017-03-06T09:51:52.997Z] ShutdownReqHand - _handle - About to shutdown
[INFO  - 2017-03-06T09:54:50.688Z] GhostDriver - Main - running on port 46993
[INFO  - 2017-03-06T09:54:50.858Z] Session [f0cba060-0252-11e7-af68-c502d56007bc] - page.settings - {"XSSAuditingEnabled":false,"javascriptCanCloseWindows":true,"javascriptCanOpenWindows":true,"javascriptEnabled":true,"loadImages":true,"localToRemoteUrlAccessEnabled":false,"userAgent":"Mozilla/5.0 (Windows NT 6.2; WOW64) AppleWebKit/538.1 (KHTML, like Gecko) PhantomJS/2.1.1 Safari/538.1","webSecurityEnabled":true}
[INFO  - 2017-03-06T09:54:50.858Z] Session [f0cba060-0252-11e7-af68-c502d56007bc] - page.customHeaders:  - {}
[INFO  - 2017-03-06T09:54:50.858Z] Session [f0cba060-0252-11e7-af68-c502d56007bc] - Session.negotiatedCapabilities - {"browserName":"phantomjs","version":"2.1.1","driverName":"ghostdriver","driverVersion":"1.2.0","platform":"windows-10-32bit","javascriptEnabled":true,"takesScreenshot":true,"handlesAlerts":false,"databaseEnabled":false,"locationContextEnabled":false,"applicationCacheEnabled":false,"browserConnectionEnabled":false,"cssSelectorsEnabled":true,"webStorageEnabled":false,"rotatable":false,"acceptSslCerts":false,"nativeEvents":true,"proxy":{"proxyType":"direct"}}
[INFO  - 2017-03-06T09:54:50.858Z] SessionManagerReqHand - _postNewSessionCommand - New Session Created: f0cba060-0252-11e7-af68-c502d56007bc
[INFO  - 2017-03-06T09:54:51.268Z] ShutdownReqHand - _handle - About to shutdown
[INFO  - 2017-03-06T10:04:44.275Z] GhostDriver - Main - running on port 2143
[INFO  - 2017-03-06T10:04:44.404Z] Session [5293b610-0254-11e7-87e5-813377f00c82] - page.settings - {"XSSAuditingEnabled":false,"javascriptCanCloseWindows":true,"javascriptCanOpenWindows":true,"javascriptEnabled":true,"loadImages":true,"localToRemoteUrlAccessEnabled":false,"userAgent":"Mozilla/5.0 (Windows NT 6.2; WOW64) AppleWebKit/538.1 (KHTML, like Gecko) PhantomJS/2.1.1 Safari/538.1","webSecurityEnabled":true}
[INFO  - 2017-03-06T10:04:44.405Z] Session [5293b610-0254-11e7-87e5-813377f00c82] - page.customHeaders:  - {}
[INFO  - 2017-03-06T10:04:44.405Z] Session [5293b610-0254-11e7-87e5-813377f00c82] - Session.negotiatedCapabilities - {"browserName":"phantomjs","version":"2.1.1","driverName":"ghostdriver","driverVersion":"1.2.0","platform":"windows-10-32bit","javascriptEnabled":true,"takesScreenshot":true,"handlesAlerts":false,"databaseEnabled":false,"locationContextEnabled":false,"applicationCacheEnabled":false,"browserConnectionEnabled":false,"cssSelectorsEnabled":true,"webStorageEnabled":false,"rotatable":false,"acceptSslCerts":false,"nativeEvents":true,"proxy":{"proxyType":"direct"}}
[INFO  - 2017-03-06T10:04:44.405Z] SessionManagerReqHand - _postNewSessionCommand - New Session Created: 5293b610-0254-11e7-87e5-813377f00c82
[INFO  - 2017-03-06T10:04:44.847Z] ShutdownReqHand - _handle - About to shutdown
[INFO  - 2017-03-06T10:30:09.754Z] GhostDriver - Main - running on port 31730
[INFO  - 2017-03-06T10:30:09.885Z] Session [dfd57c90-0257-11e7-9a9e-95505c48f4e3] - page.settings - {"XSSAuditingEnabled":false,"javascriptCanCloseWindows":true,"javascriptCanOpenWindows":true,"javascriptEnabled":true,"loadImages":true,"localToRemoteUrlAccessEnabled":false,"userAgent":"Mozilla/5.0 (Windows NT 6.2; WOW64) AppleWebKit/538.1 (KHTML, like Gecko) PhantomJS/2.1.1 Safari/538.1","webSecurityEnabled":true}
[INFO  - 2017-03-06T10:30:09.886Z] Session [dfd57c90-0257-11e7-9a9e-95505c48f4e3] - page.customHeaders:  - {}
[INFO  - 2017-03-06T10:30:09.886Z] Session [dfd57c90-0257-11e7-9a9e-95505c48f4e3] - Session.negotiatedCapabilities - {"browserName":"phantomjs","version":"2.1.1","driverName":"ghostdriver","driverVersion":"1.2.0","platform":"windows-10-32bit","javascriptEnabled":true,"takesScreenshot":true,"handlesAlerts":false,"databaseEnabled":false,"locationContextEnabled":false,"applicationCacheEnabled":false,"browserConnectionEnabled":false,"cssSelectorsEnabled":true,"webStorageEnabled":false,"rotatable":false,"acceptSslCerts":false,"nativeEvents":true,"proxy":{"proxyType":"direct"}}
[INFO  - 2017-03-06T10:30:09.886Z] SessionManagerReqHand - _postNewSessionCommand - New Session Created: dfd57c90-0257-11e7-9a9e-95505c48f4e3
[INFO  - 2017-03-06T10:30:10.349Z] ShutdownReqHand - _handle - About to shutdown
[INFO  - 2017-03-06T10:35:45.704Z] GhostDriver - Main - running on port 30717
[INFO  - 2017-03-06T10:35:46.430Z] Session [a86e2da0-0258-11e7-8b1c-ed6f05723dff] - page.settings - {"XSSAuditingEnabled":false,"javascriptCanCloseWindows":true,"javascriptCanOpenWindows":true,"javascriptEnabled":true,"loadImages":true,"localToRemoteUrlAccessEnabled":false,"userAgent":"Mozilla/5.0 (Windows NT 6.2; WOW64) AppleWebKit/538.1 (KHTML, like Gecko) PhantomJS/2.1.1 Safari/538.1","webSecurityEnabled":true}
[INFO  - 2017-03-06T10:35:46.430Z] Session [a86e2da0-0258-11e7-8b1c-ed6f05723dff] - page.customHeaders:  - {}
[INFO  - 2017-03-06T10:35:46.430Z] Session [a86e2da0-0258-11e7-8b1c-ed6f05723dff] - Session.negotiatedCapabilities - {"browserName":"phantomjs","version":"2.1.1","driverName":"ghostdriver","driverVersion":"1.2.0","platform":"windows-10-32bit","javascriptEnabled":true,"takesScreenshot":true,"handlesAlerts":false,"databaseEnabled":false,"locationContextEnabled":false,"applicationCacheEnabled":false,"browserConnectionEnabled":false,"cssSelectorsEnabled":true,"webStorageEnabled":false,"rotatable":false,"acceptSslCerts":false,"nativeEvents":true,"proxy":{"proxyType":"direct"}}
[INFO  - 2017-03-06T10:35:46.430Z] SessionManagerReqHand - _postNewSessionCommand - New Session Created: a86e2da0-0258-11e7-8b1c-ed6f05723dff
[INFO  - 2017-03-06T10:35:46.841Z] ShutdownReqHand - _handle - About to shutdown
[INFO  - 2017-03-06T11:04:03.252Z] GhostDriver - Main - running on port 23537
[INFO  - 2017-03-06T11:04:03.544Z] Session [9bfd1230-025c-11e7-912f-950e849a3ccb] - page.settings - {"XSSAuditingEnabled":false,"javascriptCanCloseWindows":true,"javascriptCanOpenWindows":true,"javascriptEnabled":true,"loadImages":true,"localToRemoteUrlAccessEnabled":false,"userAgent":"Mozilla/5.0 (Windows NT 6.2; WOW64) AppleWebKit/538.1 (KHTML, like Gecko) PhantomJS/2.1.1 Safari/538.1","webSecurityEnabled":true}
[INFO  - 2017-03-06T11:04:03.544Z] Session [9bfd1230-025c-11e7-912f-950e849a3ccb] - page.customHeaders:  - {}
[INFO  - 2017-03-06T11:04:03.544Z] Session [9bfd1230-025c-11e7-912f-950e849a3ccb] - Session.negotiatedCapabilities - {"browserName":"phantomjs","version":"2.1.1","driverName":"ghostdriver","driverVersion":"1.2.0","platform":"windows-10-32bit","javascriptEnabled":true,"takesScreenshot":true,"handlesAlerts":false,"databaseEnabled":false,"locationContextEnabled":false,"applicationCacheEnabled":false,"browserConnectionEnabled":false,"cssSelectorsEnabled":true,"webStorageEnabled":false,"rotatable":false,"acceptSslCerts":false,"nativeEvents":true,"proxy":{"proxyType":"direct"}}
[INFO  - 2017-03-06T11:04:03.544Z] SessionManagerReqHand - _postNewSessionCommand - New Session Created: 9bfd1230-025c-11e7-912f-950e849a3ccb
[INFO  - 2017-03-06T11:04:03.985Z] ShutdownReqHand - _handle - About to shutdown
[INFO  - 2017-03-06T11:06:23.236Z] GhostDriver - Main - running on port 21733
[INFO  - 2017-03-06T11:06:23.375Z] Session [ef5596a0-025c-11e7-8974-f985b746a6fe] - page.settings - {"XSSAuditingEnabled":false,"javascriptCanCloseWindows":true,"javascriptCanOpenWindows":true,"javascriptEnabled":true,"loadImages":true,"localToRemoteUrlAccessEnabled":false,"userAgent":"Mozilla/5.0 (Windows NT 6.2; WOW64) AppleWebKit/538.1 (KHTML, like Gecko) PhantomJS/2.1.1 Safari/538.1","webSecurityEnabled":true}
[INFO  - 2017-03-06T11:06:23.375Z] Session [ef5596a0-025c-11e7-8974-f985b746a6fe] - page.customHeaders:  - {}
[INFO  - 2017-03-06T11:06:23.375Z] Session [ef5596a0-025c-11e7-8974-f985b746a6fe] - Session.negotiatedCapabilities - {"browserName":"phantomjs","version":"2.1.1","driverName":"ghostdriver","driverVersion":"1.2.0","platform":"windows-10-32bit","javascriptEnabled":true,"takesScreenshot":true,"handlesAlerts":false,"databaseEnabled":false,"locationContextEnabled":false,"applicationCacheEnabled":false,"browserConnectionEnabled":false,"cssSelectorsEnabled":true,"webStorageEnabled":false,"rotatable":false,"acceptSslCerts":false,"nativeEvents":true,"proxy":{"proxyType":"direct"}}
[INFO  - 2017-03-06T11:06:23.375Z] SessionManagerReqHand - _postNewSessionCommand - New Session Created: ef5596a0-025c-11e7-8974-f985b746a6fe
[INFO  - 2017-03-06T11:06:23.795Z] ShutdownReqHand - _handle - About to shutdown
[INFO  - 2017-03-06T11:09:40.338Z] GhostDriver - Main - running on port 30380
[INFO  - 2017-03-06T11:09:40.502Z] Session [64d51630-025d-11e7-bc97-f5358d542893] - page.settings - {"XSSAuditingEnabled":false,"javascriptCanCloseWindows":true,"javascriptCanOpenWindows":true,"javascriptEnabled":true,"loadImages":true,"localToRemoteUrlAccessEnabled":false,"userAgent":"Mozilla/5.0 (Windows NT 6.2; WOW64) AppleWebKit/538.1 (KHTML, like Gecko) PhantomJS/2.1.1 Safari/538.1","webSecurityEnabled":true}
[INFO  - 2017-03-06T11:09:40.502Z] Session [64d51630-025d-11e7-bc97-f5358d542893] - page.customHeaders:  - {}
[INFO  - 2017-03-06T11:09:40.503Z] Session [64d51630-025d-11e7-bc97-f5358d542893] - Session.negotiatedCapabilities - {"browserName":"phantomjs","version":"2.1.1","driverName":"ghostdriver","driverVersion":"1.2.0","platform":"windows-10-32bit","javascriptEnabled":true,"takesScreenshot":true,"handlesAlerts":false,"databaseEnabled":false,"locationContextEnabled":false,"applicationCacheEnabled":false,"browserConnectionEnabled":false,"cssSelectorsEnabled":true,"webStorageEnabled":false,"rotatable":false,"acceptSslCerts":false,"nativeEvents":true,"proxy":{"proxyType":"direct"}}
[INFO  - 2017-03-06T11:09:40.503Z] SessionManagerReqHand - _postNewSessionCommand - New Session Created: 64d51630-025d-11e7-bc97-f5358d542893
[INFO  - 2017-03-06T11:09:40.918Z] ShutdownReqHand - _handle - About to shutdown
[INFO  - 2017-03-06T11:10:54.174Z] GhostDriver - Main - running on port 8015
[INFO  - 2017-03-06T11:10:54.365Z] Session [90db8890-025d-11e7-876a-ffcc1b242579] - page.settings - {"XSSAuditingEnabled":false,"javascriptCanCloseWindows":true,"javascriptCanOpenWindows":true,"javascriptEnabled":true,"loadImages":true,"localToRemoteUrlAccessEnabled":false,"userAgent":"Mozilla/5.0 (Windows NT 6.2; WOW64) AppleWebKit/538.1 (KHTML, like Gecko) PhantomJS/2.1.1 Safari/538.1","webSecurityEnabled":true}
[INFO  - 2017-03-06T11:10:54.365Z] Session [90db8890-025d-11e7-876a-ffcc1b242579] - page.customHeaders:  - {}
[INFO  - 2017-03-06T11:10:54.365Z] Session [90db8890-025d-11e7-876a-ffcc1b242579] - Session.negotiatedCapabilities - {"browserName":"phantomjs","version":"2.1.1","driverName":"ghostdriver","driverVersion":"1.2.0","platform":"windows-10-32bit","javascriptEnabled":true,"takesScreenshot":true,"handlesAlerts":false,"databaseEnabled":false,"locationContextEnabled":false,"applicationCacheEnabled":false,"browserConnectionEnabled":false,"cssSelectorsEnabled":true,"webStorageEnabled":false,"rotatable":false,"acceptSslCerts":false,"nativeEvents":true,"proxy":{"proxyType":"direct"}}
[INFO  - 2017-03-06T11:10:54.365Z] SessionManagerReqHand - _postNewSessionCommand - New Session Created: 90db8890-025d-11e7-876a-ffcc1b242579
[INFO  - 2017-03-06T11:10:54.779Z] ShutdownReqHand - _handle - About to shutdown
[INFO  - 2017-03-06T11:19:53.071Z] GhostDriver - Main - running on port 26530
[INFO  - 2017-03-06T11:19:53.542Z] Session [d23b4310-025e-11e7-ac73-6da357581c52] - page.settings - {"XSSAuditingEnabled":false,"javascriptCanCloseWindows":true,"javascriptCanOpenWindows":true,"javascriptEnabled":true,"loadImages":true,"localToRemoteUrlAccessEnabled":false,"userAgent":"Mozilla/5.0 (Windows NT 6.2; WOW64) AppleWebKit/538.1 (KHTML, like Gecko) PhantomJS/2.1.1 Safari/538.1","webSecurityEnabled":true}
[INFO  - 2017-03-06T11:19:53.542Z] Session [d23b4310-025e-11e7-ac73-6da357581c52] - page.customHeaders:  - {}
[INFO  - 2017-03-06T11:19:53.542Z] Session [d23b4310-025e-11e7-ac73-6da357581c52] - Session.negotiatedCapabilities - {"browserName":"phantomjs","version":"2.1.1","driverName":"ghostdriver","driverVersion":"1.2.0","platform":"windows-10-32bit","javascriptEnabled":true,"takesScreenshot":true,"handlesAlerts":false,"databaseEnabled":false,"locationContextEnabled":false,"applicationCacheEnabled":false,"browserConnectionEnabled":false,"cssSelectorsEnabled":true,"webStorageEnabled":false,"rotatable":false,"acceptSslCerts":false,"nativeEvents":true,"proxy":{"proxyType":"direct"}}
[INFO  - 2017-03-06T11:19:53.542Z] SessionManagerReqHand - _postNewSessionCommand - New Session Created: d23b4310-025e-11e7-ac73-6da357581c52
[INFO  - 2017-03-06T11:19:53.966Z] ShutdownReqHand - _handle - About to shutdown
[INFO  - 2017-03-06T11:20:33.548Z] GhostDriver - Main - running on port 20009
[INFO  - 2017-03-06T11:20:34.310Z] Session [ea87d000-025e-11e7-9627-d5a346ba2e68] - page.settings - {"XSSAuditingEnabled":false,"javascriptCanCloseWindows":true,"javascriptCanOpenWindows":true,"javascriptEnabled":true,"loadImages":true,"localToRemoteUrlAccessEnabled":false,"userAgent":"Mozilla/5.0 (Windows NT 6.2; WOW64) AppleWebKit/538.1 (KHTML, like Gecko) PhantomJS/2.1.1 Safari/538.1","webSecurityEnabled":true}
[INFO  - 2017-03-06T11:20:34.310Z] Session [ea87d000-025e-11e7-9627-d5a346ba2e68] - page.customHeaders:  - {}
[INFO  - 2017-03-06T11:20:34.310Z] Session [ea87d000-025e-11e7-9627-d5a346ba2e68] - Session.negotiatedCapabilities - {"browserName":"phantomjs","version":"2.1.1","driverName":"ghostdriver","driverVersion":"1.2.0","platform":"windows-10-32bit","javascriptEnabled":true,"takesScreenshot":true,"handlesAlerts":false,"databaseEnabled":false,"locationContextEnabled":false,"applicationCacheEnabled":false,"browserConnectionEnabled":false,"cssSelectorsEnabled":true,"webStorageEnabled":false,"rotatable":false,"acceptSslCerts":false,"nativeEvents":true,"proxy":{"proxyType":"direct"}}
[INFO  - 2017-03-06T11:20:34.310Z] SessionManagerReqHand - _postNewSessionCommand - New Session Created: ea87d000-025e-11e7-9627-d5a346ba2e68
[INFO  - 2017-03-06T11:20:34.726Z] ShutdownReqHand - _handle - About to shutdown
[INFO  - 2017-03-06T11:25:24.524Z] GhostDriver - Main - running on port 28506
[INFO  - 2017-03-06T11:25:24.663Z] Session [97987830-025f-11e7-b0aa-03164e220f22] - page.settings - {"XSSAuditingEnabled":false,"javascriptCanCloseWindows":true,"javascriptCanOpenWindows":true,"javascriptEnabled":true,"loadImages":true,"localToRemoteUrlAccessEnabled":false,"userAgent":"Mozilla/5.0 (Windows NT 6.2; WOW64) AppleWebKit/538.1 (KHTML, like Gecko) PhantomJS/2.1.1 Safari/538.1","webSecurityEnabled":true}
[INFO  - 2017-03-06T11:25:24.663Z] Session [97987830-025f-11e7-b0aa-03164e220f22] - page.customHeaders:  - {}
[INFO  - 2017-03-06T11:25:24.663Z] Session [97987830-025f-11e7-b0aa-03164e220f22] - Session.negotiatedCapabilities - {"browserName":"phantomjs","version":"2.1.1","driverName":"ghostdriver","driverVersion":"1.2.0","platform":"windows-10-32bit","javascriptEnabled":true,"takesScreenshot":true,"handlesAlerts":false,"databaseEnabled":false,"locationContextEnabled":false,"applicationCacheEnabled":false,"browserConnectionEnabled":false,"cssSelectorsEnabled":true,"webStorageEnabled":false,"rotatable":false,"acceptSslCerts":false,"nativeEvents":true,"proxy":{"proxyType":"direct"}}
[INFO  - 2017-03-06T11:25:24.664Z] SessionManagerReqHand - _postNewSessionCommand - New Session Created: 97987830-025f-11e7-b0aa-03164e220f22
[INFO  - 2017-03-06T11:25:25.074Z] ShutdownReqHand - _handle - About to shutdown
[INFO  - 2017-03-06T11:36:37.956Z] GhostDriver - Main - running on port 47694
[INFO  - 2017-03-06T11:36:38.107Z] Session [28ffb760-0261-11e7-8d8f-0baa26b5d247] - page.settings - {"XSSAuditingEnabled":false,"javascriptCanCloseWindows":true,"javascriptCanOpenWindows":true,"javascriptEnabled":true,"loadImages":true,"localToRemoteUrlAccessEnabled":false,"userAgent":"Mozilla/5.0 (Windows NT 6.2; WOW64) AppleWebKit/538.1 (KHTML, like Gecko) PhantomJS/2.1.1 Safari/538.1","webSecurityEnabled":true}
[INFO  - 2017-03-06T11:36:38.107Z] Session [28ffb760-0261-11e7-8d8f-0baa26b5d247] - page.customHeaders:  - {}
[INFO  - 2017-03-06T11:36:38.107Z] Session [28ffb760-0261-11e7-8d8f-0baa26b5d247] - Session.negotiatedCapabilities - {"browserName":"phantomjs","version":"2.1.1","driverName":"ghostdriver","driverVersion":"1.2.0","platform":"windows-10-32bit","javascriptEnabled":true,"takesScreenshot":true,"handlesAlerts":false,"databaseEnabled":false,"locationContextEnabled":false,"applicationCacheEnabled":false,"browserConnectionEnabled":false,"cssSelectorsEnabled":true,"webStorageEnabled":false,"rotatable":false,"acceptSslCerts":false,"nativeEvents":true,"proxy":{"proxyType":"direct"}}
[INFO  - 2017-03-06T11:36:38.107Z] SessionManagerReqHand - _postNewSessionCommand - New Session Created: 28ffb760-0261-11e7-8d8f-0baa26b5d247
[INFO  - 2017-03-06T11:36:38.656Z] ShutdownReqHand - _handle - About to shutdown
[INFO  - 2017-03-06T11:43:46.046Z] GhostDriver - Main - running on port 19645
[INFO  - 2017-03-06T11:43:46.184Z] Session [28271530-0262-11e7-9f2f-1902984bd606] - page.settings - {"XSSAuditingEnabled":false,"javascriptCanCloseWindows":true,"javascriptCanOpenWindows":true,"javascriptEnabled":true,"loadImages":true,"localToRemoteUrlAccessEnabled":false,"userAgent":"Mozilla/5.0 (Windows NT 6.2; WOW64) AppleWebKit/538.1 (KHTML, like Gecko) PhantomJS/2.1.1 Safari/538.1","webSecurityEnabled":true}
[INFO  - 2017-03-06T11:43:46.184Z] Session [28271530-0262-11e7-9f2f-1902984bd606] - page.customHeaders:  - {}
[INFO  - 2017-03-06T11:43:46.184Z] Session [28271530-0262-11e7-9f2f-1902984bd606] - Session.negotiatedCapabilities - {"browserName":"phantomjs","version":"2.1.1","driverName":"ghostdriver","driverVersion":"1.2.0","platform":"windows-10-32bit","javascriptEnabled":true,"takesScreenshot":true,"handlesAlerts":false,"databaseEnabled":false,"locationContextEnabled":false,"applicationCacheEnabled":false,"browserConnectionEnabled":false,"cssSelectorsEnabled":true,"webStorageEnabled":false,"rotatable":false,"acceptSslCerts":false,"nativeEvents":true,"proxy":{"proxyType":"direct"}}
[INFO  - 2017-03-06T11:43:46.185Z] SessionManagerReqHand - _postNewSessionCommand - New Session Created: 28271530-0262-11e7-9f2f-1902984bd606
[INFO  - 2017-03-06T11:43:46.747Z] ShutdownReqHand - _handle - About to shutdown
[INFO  - 2017-03-06T11:47:12.375Z] GhostDriver - Main - running on port 49143
[INFO  - 2017-03-06T11:47:12.497Z] Session [a31fcbb0-0262-11e7-8f02-810f641dc826] - page.settings - {"XSSAuditingEnabled":false,"javascriptCanCloseWindows":true,"javascriptCanOpenWindows":true,"javascriptEnabled":true,"loadImages":true,"localToRemoteUrlAccessEnabled":false,"userAgent":"Mozilla/5.0 (Windows NT 6.2; WOW64) AppleWebKit/538.1 (KHTML, like Gecko) PhantomJS/2.1.1 Safari/538.1","webSecurityEnabled":true}
[INFO  - 2017-03-06T11:47:12.497Z] Session [a31fcbb0-0262-11e7-8f02-810f641dc826] - page.customHeaders:  - {}
[INFO  - 2017-03-06T11:47:12.497Z] Session [a31fcbb0-0262-11e7-8f02-810f641dc826] - Session.negotiatedCapabilities - {"browserName":"phantomjs","version":"2.1.1","driverName":"ghostdriver","driverVersion":"1.2.0","platform":"windows-10-32bit","javascriptEnabled":true,"takesScreenshot":true,"handlesAlerts":false,"databaseEnabled":false,"locationContextEnabled":false,"applicationCacheEnabled":false,"browserConnectionEnabled":false,"cssSelectorsEnabled":true,"webStorageEnabled":false,"rotatable":false,"acceptSslCerts":false,"nativeEvents":true,"proxy":{"proxyType":"direct"}}
[INFO  - 2017-03-06T11:47:12.498Z] SessionManagerReqHand - _postNewSessionCommand - New Session Created: a31fcbb0-0262-11e7-8f02-810f641dc826
[INFO  - 2017-03-06T11:47:13.064Z] ShutdownReqHand - _handle - About to shutdown
[INFO  - 2017-03-06T20:44:37.460Z] GhostDriver - Main - running on port 19653
[INFO  - 2017-03-06T20:44:38.314Z] Session [b7214c60-02ad-11e7-94d3-a348d083d3eb] - page.settings - {"XSSAuditingEnabled":false,"javascriptCanCloseWindows":true,"javascriptCanOpenWindows":true,"javascriptEnabled":true,"loadImages":true,"localToRemoteUrlAccessEnabled":false,"userAgent":"Mozilla/5.0 (Windows NT 6.2; WOW64) AppleWebKit/538.1 (KHTML, like Gecko) PhantomJS/2.1.1 Safari/538.1","webSecurityEnabled":true}
[INFO  - 2017-03-06T20:44:38.314Z] Session [b7214c60-02ad-11e7-94d3-a348d083d3eb] - page.customHeaders:  - {}
[INFO  - 2017-03-06T20:44:38.314Z] Session [b7214c60-02ad-11e7-94d3-a348d083d3eb] - Session.negotiatedCapabilities - {"browserName":"phantomjs","version":"2.1.1","driverName":"ghostdriver","driverVersion":"1.2.0","platform":"windows-10-32bit","javascriptEnabled":true,"takesScreenshot":true,"handlesAlerts":false,"databaseEnabled":false,"locationContextEnabled":false,"applicationCacheEnabled":false,"browserConnectionEnabled":false,"cssSelectorsEnabled":true,"webStorageEnabled":false,"rotatable":false,"acceptSslCerts":false,"nativeEvents":true,"proxy":{"proxyType":"direct"}}
[INFO  - 2017-03-06T20:44:38.314Z] SessionManagerReqHand - _postNewSessionCommand - New Session Created: b7214c60-02ad-11e7-94d3-a348d083d3eb
[INFO  - 2017-03-06T20:44:38.751Z] ShutdownReqHand - _handle - About to shutdown
[INFO  - 2017-03-06T20:47:12.904Z] GhostDriver - Main - running on port 36603
[INFO  - 2017-03-06T20:47:13.067Z] Session [135ebb70-02ae-11e7-93d9-790833945317] - page.settings - {"XSSAuditingEnabled":false,"javascriptCanCloseWindows":true,"javascriptCanOpenWindows":true,"javascriptEnabled":true,"loadImages":true,"localToRemoteUrlAccessEnabled":false,"userAgent":"Mozilla/5.0 (Windows NT 6.2; WOW64) AppleWebKit/538.1 (KHTML, like Gecko) PhantomJS/2.1.1 Safari/538.1","webSecurityEnabled":true}
[INFO  - 2017-03-06T20:47:13.067Z] Session [135ebb70-02ae-11e7-93d9-790833945317] - page.customHeaders:  - {}
[INFO  - 2017-03-06T20:47:13.067Z] Session [135ebb70-02ae-11e7-93d9-790833945317] - Session.negotiatedCapabilities - {"browserName":"phantomjs","version":"2.1.1","driverName":"ghostdriver","driverVersion":"1.2.0","platform":"windows-10-32bit","javascriptEnabled":true,"takesScreenshot":true,"handlesAlerts":false,"databaseEnabled":false,"locationContextEnabled":false,"applicationCacheEnabled":false,"browserConnectionEnabled":false,"cssSelectorsEnabled":true,"webStorageEnabled":false,"rotatable":false,"acceptSslCerts":false,"nativeEvents":true,"proxy":{"proxyType":"direct"}}
[INFO  - 2017-03-06T20:47:13.067Z] SessionManagerReqHand - _postNewSessionCommand - New Session Created: 135ebb70-02ae-11e7-93d9-790833945317
[INFO  - 2017-03-06T20:47:13.511Z] ShutdownReqHand - _handle - About to shutdown
[INFO  - 2017-03-06T20:49:33.343Z] GhostDriver - Main - running on port 40246
[INFO  - 2017-03-06T20:49:33.513Z] Session [67151750-02ae-11e7-86cf-dbbf9bb21bca] - page.settings - {"XSSAuditingEnabled":false,"javascriptCanCloseWindows":true,"javascriptCanOpenWindows":true,"javascriptEnabled":true,"loadImages":true,"localToRemoteUrlAccessEnabled":false,"userAgent":"Mozilla/5.0 (Windows NT 6.2; WOW64) AppleWebKit/538.1 (KHTML, like Gecko) PhantomJS/2.1.1 Safari/538.1","webSecurityEnabled":true}
[INFO  - 2017-03-06T20:49:33.513Z] Session [67151750-02ae-11e7-86cf-dbbf9bb21bca] - page.customHeaders:  - {}
[INFO  - 2017-03-06T20:49:33.513Z] Session [67151750-02ae-11e7-86cf-dbbf9bb21bca] - Session.negotiatedCapabilities - {"browserName":"phantomjs","version":"2.1.1","driverName":"ghostdriver","driverVersion":"1.2.0","platform":"windows-10-32bit","javascriptEnabled":true,"takesScreenshot":true,"handlesAlerts":false,"databaseEnabled":false,"locationContextEnabled":false,"applicationCacheEnabled":false,"browserConnectionEnabled":false,"cssSelectorsEnabled":true,"webStorageEnabled":false,"rotatable":false,"acceptSslCerts":false,"nativeEvents":true,"proxy":{"proxyType":"direct"}}
[INFO  - 2017-03-06T20:49:33.513Z] SessionManagerReqHand - _postNewSessionCommand - New Session Created: 67151750-02ae-11e7-86cf-dbbf9bb21bca
[INFO  - 2017-03-06T20:49:33.945Z] ShutdownReqHand - _handle - About to shutdown
[INFO  - 2017-03-06T21:25:23.814Z] GhostDriver - Main - running on port 4699
[INFO  - 2017-03-06T21:25:24.058Z] Session [68e83760-02b3-11e7-85eb-cfd53ba70670] - page.settings - {"XSSAuditingEnabled":false,"javascriptCanCloseWindows":true,"javascriptCanOpenWindows":true,"javascriptEnabled":true,"loadImages":true,"localToRemoteUrlAccessEnabled":false,"userAgent":"Mozilla/5.0 (Windows NT 6.2; WOW64) AppleWebKit/538.1 (KHTML, like Gecko) PhantomJS/2.1.1 Safari/538.1","webSecurityEnabled":true}
[INFO  - 2017-03-06T21:25:24.058Z] Session [68e83760-02b3-11e7-85eb-cfd53ba70670] - page.customHeaders:  - {}
[INFO  - 2017-03-06T21:25:24.058Z] Session [68e83760-02b3-11e7-85eb-cfd53ba70670] - Session.negotiatedCapabilities - {"browserName":"phantomjs","version":"2.1.1","driverName":"ghostdriver","driverVersion":"1.2.0","platform":"windows-10-32bit","javascriptEnabled":true,"takesScreenshot":true,"handlesAlerts":false,"databaseEnabled":false,"locationContextEnabled":false,"applicationCacheEnabled":false,"browserConnectionEnabled":false,"cssSelectorsEnabled":true,"webStorageEnabled":false,"rotatable":false,"acceptSslCerts":false,"nativeEvents":true,"proxy":{"proxyType":"direct"}}
[INFO  - 2017-03-06T21:25:24.058Z] SessionManagerReqHand - _postNewSessionCommand - New Session Created: 68e83760-02b3-11e7-85eb-cfd53ba70670
[INFO  - 2017-03-06T21:25:24.517Z] ShutdownReqHand - _handle - About to shutdown
[INFO  - 2017-03-06T21:27:58.059Z] GhostDriver - Main - running on port 17801
[INFO  - 2017-03-06T21:27:58.283Z] Session [c4d53c80-02b3-11e7-93dc-ed372d0ef0cd] - page.settings - {"XSSAuditingEnabled":false,"javascriptCanCloseWindows":true,"javascriptCanOpenWindows":true,"javascriptEnabled":true,"loadImages":true,"localToRemoteUrlAccessEnabled":false,"userAgent":"Mozilla/5.0 (Windows NT 6.2; WOW64) AppleWebKit/538.1 (KHTML, like Gecko) PhantomJS/2.1.1 Safari/538.1","webSecurityEnabled":true}
[INFO  - 2017-03-06T21:27:58.283Z] Session [c4d53c80-02b3-11e7-93dc-ed372d0ef0cd] - page.customHeaders:  - {}
[INFO  - 2017-03-06T21:27:58.284Z] Session [c4d53c80-02b3-11e7-93dc-ed372d0ef0cd] - Session.negotiatedCapabilities - {"browserName":"phantomjs","version":"2.1.1","driverName":"ghostdriver","driverVersion":"1.2.0","platform":"windows-10-32bit","javascriptEnabled":true,"takesScreenshot":true,"handlesAlerts":false,"databaseEnabled":false,"locationContextEnabled":false,"applicationCacheEnabled":false,"browserConnectionEnabled":false,"cssSelectorsEnabled":true,"webStorageEnabled":false,"rotatable":false,"acceptSslCerts":false,"nativeEvents":true,"proxy":{"proxyType":"direct"}}
[INFO  - 2017-03-06T21:27:58.284Z] SessionManagerReqHand - _postNewSessionCommand - New Session Created: c4d53c80-02b3-11e7-93dc-ed372d0ef0cd
[INFO  - 2017-03-06T21:27:58.739Z] ShutdownReqHand - _handle - About to shutdown
[INFO  - 2017-03-11T00:10:32.012Z] GhostDriver - Main - running on port 47355
[INFO  - 2017-03-11T00:10:32.919Z] Session [24b36a30-05ef-11e7-b860-8d35167cc388] - page.settings - {"XSSAuditingEnabled":false,"javascriptCanCloseWindows":true,"javascriptCanOpenWindows":true,"javascriptEnabled":true,"loadImages":true,"localToRemoteUrlAccessEnabled":false,"userAgent":"Mozilla/5.0 (Windows NT 6.2; WOW64) AppleWebKit/538.1 (KHTML, like Gecko) PhantomJS/2.1.1 Safari/538.1","webSecurityEnabled":true}
[INFO  - 2017-03-11T00:10:32.919Z] Session [24b36a30-05ef-11e7-b860-8d35167cc388] - page.customHeaders:  - {}
[INFO  - 2017-03-11T00:10:32.919Z] Session [24b36a30-05ef-11e7-b860-8d35167cc388] - Session.negotiatedCapabilities - {"browserName":"phantomjs","version":"2.1.1","driverName":"ghostdriver","driverVersion":"1.2.0","platform":"windows-10-32bit","javascriptEnabled":true,"takesScreenshot":true,"handlesAlerts":false,"databaseEnabled":false,"locationContextEnabled":false,"applicationCacheEnabled":false,"browserConnectionEnabled":false,"cssSelectorsEnabled":true,"webStorageEnabled":false,"rotatable":false,"acceptSslCerts":false,"nativeEvents":true,"proxy":{"proxyType":"direct"}}
[INFO  - 2017-03-11T00:10:32.919Z] SessionManagerReqHand - _postNewSessionCommand - New Session Created: 24b36a30-05ef-11e7-b860-8d35167cc388
[INFO  - 2017-03-11T00:10:33.338Z] ShutdownReqHand - _handle - About to shutdown
[INFO  - 2017-03-11T00:25:17.318Z] GhostDriver - Main - running on port 21252
[INFO  - 2017-03-11T00:25:17.433Z] Session [33e98a50-05f1-11e7-9351-9dc7b280d777] - page.settings - {"XSSAuditingEnabled":false,"javascriptCanCloseWindows":true,"javascriptCanOpenWindows":true,"javascriptEnabled":true,"loadImages":true,"localToRemoteUrlAccessEnabled":false,"userAgent":"Mozilla/5.0 (Windows NT 6.2; WOW64) AppleWebKit/538.1 (KHTML, like Gecko) PhantomJS/2.1.1 Safari/538.1","webSecurityEnabled":true}
[INFO  - 2017-03-11T00:25:17.433Z] Session [33e98a50-05f1-11e7-9351-9dc7b280d777] - page.customHeaders:  - {}
[INFO  - 2017-03-11T00:25:17.433Z] Session [33e98a50-05f1-11e7-9351-9dc7b280d777] - Session.negotiatedCapabilities - {"browserName":"phantomjs","version":"2.1.1","driverName":"ghostdriver","driverVersion":"1.2.0","platform":"windows-10-32bit","javascriptEnabled":true,"takesScreenshot":true,"handlesAlerts":false,"databaseEnabled":false,"locationContextEnabled":false,"applicationCacheEnabled":false,"browserConnectionEnabled":false,"cssSelectorsEnabled":true,"webStorageEnabled":false,"rotatable":false,"acceptSslCerts":false,"nativeEvents":true,"proxy":{"proxyType":"direct"}}
[INFO  - 2017-03-11T00:25:17.433Z] SessionManagerReqHand - _postNewSessionCommand - New Session Created: 33e98a50-05f1-11e7-9351-9dc7b280d777
[INFO  - 2017-03-11T00:25:17.897Z] ShutdownReqHand - _handle - About to shutdown
[INFO  - 2017-03-11T01:23:36.443Z] GhostDriver - Main - running on port 21913
[INFO  - 2017-03-11T01:23:36.881Z] Session [59bf14e0-05f9-11e7-9c62-f971dd99b4ca] - page.settings - {"XSSAuditingEnabled":false,"javascriptCanCloseWindows":true,"javascriptCanOpenWindows":true,"javascriptEnabled":true,"loadImages":true,"localToRemoteUrlAccessEnabled":false,"userAgent":"Mozilla/5.0 (Windows NT 6.2; WOW64) AppleWebKit/538.1 (KHTML, like Gecko) PhantomJS/2.1.1 Safari/538.1","webSecurityEnabled":true}
[INFO  - 2017-03-11T01:23:36.881Z] Session [59bf14e0-05f9-11e7-9c62-f971dd99b4ca] - page.customHeaders:  - {}
[INFO  - 2017-03-11T01:23:36.882Z] Session [59bf14e0-05f9-11e7-9c62-f971dd99b4ca] - Session.negotiatedCapabilities - {"browserName":"phantomjs","version":"2.1.1","driverName":"ghostdriver","driverVersion":"1.2.0","platform":"windows-10-32bit","javascriptEnabled":true,"takesScreenshot":true,"handlesAlerts":false,"databaseEnabled":false,"locationContextEnabled":false,"applicationCacheEnabled":false,"browserConnectionEnabled":false,"cssSelectorsEnabled":true,"webStorageEnabled":false,"rotatable":false,"acceptSslCerts":false,"nativeEvents":true,"proxy":{"proxyType":"direct"}}
[INFO  - 2017-03-11T01:23:36.882Z] SessionManagerReqHand - _postNewSessionCommand - New Session Created: 59bf14e0-05f9-11e7-9c62-f971dd99b4ca
[INFO  - 2017-03-11T01:23:37.288Z] ShutdownReqHand - _handle - About to shutdown
[INFO  - 2017-03-11T01:26:44.380Z] GhostDriver - Main - running on port 11511
[INFO  - 2017-03-11T01:26:44.499Z] Session [c99329f0-05f9-11e7-8b9d-09de11764cd4] - page.settings - {"XSSAuditingEnabled":false,"javascriptCanCloseWindows":true,"javascriptCanOpenWindows":true,"javascriptEnabled":true,"loadImages":true,"localToRemoteUrlAccessEnabled":false,"userAgent":"Mozilla/5.0 (Windows NT 6.2; WOW64) AppleWebKit/538.1 (KHTML, like Gecko) PhantomJS/2.1.1 Safari/538.1","webSecurityEnabled":true}
[INFO  - 2017-03-11T01:26:44.499Z] Session [c99329f0-05f9-11e7-8b9d-09de11764cd4] - page.customHeaders:  - {}
[INFO  - 2017-03-11T01:26:44.499Z] Session [c99329f0-05f9-11e7-8b9d-09de11764cd4] - Session.negotiatedCapabilities - {"browserName":"phantomjs","version":"2.1.1","driverName":"ghostdriver","driverVersion":"1.2.0","platform":"windows-10-32bit","javascriptEnabled":true,"takesScreenshot":true,"handlesAlerts":false,"databaseEnabled":false,"locationContextEnabled":false,"applicationCacheEnabled":false,"browserConnectionEnabled":false,"cssSelectorsEnabled":true,"webStorageEnabled":false,"rotatable":false,"acceptSslCerts":false,"nativeEvents":true,"proxy":{"proxyType":"direct"}}
[INFO  - 2017-03-11T01:26:44.500Z] SessionManagerReqHand - _postNewSessionCommand - New Session Created: c99329f0-05f9-11e7-8b9d-09de11764cd4
[INFO  - 2017-03-11T01:26:44.905Z] ShutdownReqHand - _handle - About to shutdown
[INFO  - 2017-03-11T01:42:56.672Z] GhostDriver - Main - running on port 21797
[INFO  - 2017-03-11T01:42:56.876Z] Session [0d281e80-05fc-11e7-877c-ad987016e092] - page.settings - {"XSSAuditingEnabled":false,"javascriptCanCloseWindows":true,"javascriptCanOpenWindows":true,"javascriptEnabled":true,"loadImages":true,"localToRemoteUrlAccessEnabled":false,"userAgent":"Mozilla/5.0 (Windows NT 6.2; WOW64) AppleWebKit/538.1 (KHTML, like Gecko) PhantomJS/2.1.1 Safari/538.1","webSecurityEnabled":true}
[INFO  - 2017-03-11T01:42:56.876Z] Session [0d281e80-05fc-11e7-877c-ad987016e092] - page.customHeaders:  - {}
[INFO  - 2017-03-11T01:42:56.876Z] Session [0d281e80-05fc-11e7-877c-ad987016e092] - Session.negotiatedCapabilities - {"browserName":"phantomjs","version":"2.1.1","driverName":"ghostdriver","driverVersion":"1.2.0","platform":"windows-10-32bit","javascriptEnabled":true,"takesScreenshot":true,"handlesAlerts":false,"databaseEnabled":false,"locationContextEnabled":false,"applicationCacheEnabled":false,"browserConnectionEnabled":false,"cssSelectorsEnabled":true,"webStorageEnabled":false,"rotatable":false,"acceptSslCerts":false,"nativeEvents":true,"proxy":{"proxyType":"direct"}}
[INFO  - 2017-03-11T01:42:56.876Z] SessionManagerReqHand - _postNewSessionCommand - New Session Created: 0d281e80-05fc-11e7-877c-ad987016e092
[INFO  - 2017-03-11T01:42:57.288Z] ShutdownReqHand - _handle - About to shutdown
[INFO  - 2017-03-11T02:07:18.337Z] GhostDriver - Main - running on port 35339
[INFO  - 2017-03-11T02:07:18.445Z] Session [7451d990-05ff-11e7-82e7-67415bc3879e] - page.settings - {"XSSAuditingEnabled":false,"javascriptCanCloseWindows":true,"javascriptCanOpenWindows":true,"javascriptEnabled":true,"loadImages":true,"localToRemoteUrlAccessEnabled":false,"userAgent":"Mozilla/5.0 (Windows NT 6.2; WOW64) AppleWebKit/538.1 (KHTML, like Gecko) PhantomJS/2.1.1 Safari/538.1","webSecurityEnabled":true}
[INFO  - 2017-03-11T02:07:18.445Z] Session [7451d990-05ff-11e7-82e7-67415bc3879e] - page.customHeaders:  - {}
[INFO  - 2017-03-11T02:07:18.446Z] Session [7451d990-05ff-11e7-82e7-67415bc3879e] - Session.negotiatedCapabilities - {"browserName":"phantomjs","version":"2.1.1","driverName":"ghostdriver","driverVersion":"1.2.0","platform":"windows-10-32bit","javascriptEnabled":true,"takesScreenshot":true,"handlesAlerts":false,"databaseEnabled":false,"locationContextEnabled":false,"applicationCacheEnabled":false,"browserConnectionEnabled":false,"cssSelectorsEnabled":true,"webStorageEnabled":false,"rotatable":false,"acceptSslCerts":false,"nativeEvents":true,"proxy":{"proxyType":"direct"}}
[INFO  - 2017-03-11T02:07:18.446Z] SessionManagerReqHand - _postNewSessionCommand - New Session Created: 7451d990-05ff-11e7-82e7-67415bc3879e
[INFO  - 2017-03-11T02:07:18.871Z] ShutdownReqHand - _handle - About to shutdown
[INFO  - 2017-03-11T02:14:01.989Z] GhostDriver - Main - running on port 28379
[INFO  - 2017-03-11T02:14:02.099Z] Session [64ea8ff0-0600-11e7-a604-659f1ae46005] - page.settings - {"XSSAuditingEnabled":false,"javascriptCanCloseWindows":true,"javascriptCanOpenWindows":true,"javascriptEnabled":true,"loadImages":true,"localToRemoteUrlAccessEnabled":false,"userAgent":"Mozilla/5.0 (Windows NT 6.2; WOW64) AppleWebKit/538.1 (KHTML, like Gecko) PhantomJS/2.1.1 Safari/538.1","webSecurityEnabled":true}
[INFO  - 2017-03-11T02:14:02.099Z] Session [64ea8ff0-0600-11e7-a604-659f1ae46005] - page.customHeaders:  - {}
[INFO  - 2017-03-11T02:14:02.099Z] Session [64ea8ff0-0600-11e7-a604-659f1ae46005] - Session.negotiatedCapabilities - {"browserName":"phantomjs","version":"2.1.1","driverName":"ghostdriver","driverVersion":"1.2.0","platform":"windows-10-32bit","javascriptEnabled":true,"takesScreenshot":true,"handlesAlerts":false,"databaseEnabled":false,"locationContextEnabled":false,"applicationCacheEnabled":false,"browserConnectionEnabled":false,"cssSelectorsEnabled":true,"webStorageEnabled":false,"rotatable":false,"acceptSslCerts":false,"nativeEvents":true,"proxy":{"proxyType":"direct"}}
[INFO  - 2017-03-11T02:14:02.099Z] SessionManagerReqHand - _postNewSessionCommand - New Session Created: 64ea8ff0-0600-11e7-a604-659f1ae46005
[INFO  - 2017-03-11T02:14:02.623Z] ShutdownReqHand - _handle - About to shutdown
[INFO  - 2017-03-11T02:23:24.589Z] GhostDriver - Main - running on port 24571
[INFO  - 2017-03-11T02:23:24.758Z] Session [b4495c10-0601-11e7-a0e6-ab459d8eb4ad] - page.settings - {"XSSAuditingEnabled":false,"javascriptCanCloseWindows":true,"javascriptCanOpenWindows":true,"javascriptEnabled":true,"loadImages":true,"localToRemoteUrlAccessEnabled":false,"userAgent":"Mozilla/5.0 (Windows NT 6.2; WOW64) AppleWebKit/538.1 (KHTML, like Gecko) PhantomJS/2.1.1 Safari/538.1","webSecurityEnabled":true}
[INFO  - 2017-03-11T02:23:24.758Z] Session [b4495c10-0601-11e7-a0e6-ab459d8eb4ad] - page.customHeaders:  - {}
[INFO  - 2017-03-11T02:23:24.758Z] Session [b4495c10-0601-11e7-a0e6-ab459d8eb4ad] - Session.negotiatedCapabilities - {"browserName":"phantomjs","version":"2.1.1","driverName":"ghostdriver","driverVersion":"1.2.0","platform":"windows-10-32bit","javascriptEnabled":true,"takesScreenshot":true,"handlesAlerts":false,"databaseEnabled":false,"locationContextEnabled":false,"applicationCacheEnabled":false,"browserConnectionEnabled":false,"cssSelectorsEnabled":true,"webStorageEnabled":false,"rotatable":false,"acceptSslCerts":false,"nativeEvents":true,"proxy":{"proxyType":"direct"}}
[INFO  - 2017-03-11T02:23:24.758Z] SessionManagerReqHand - _postNewSessionCommand - New Session Created: b4495c10-0601-11e7-a0e6-ab459d8eb4ad
[INFO  - 2017-03-11T02:23:25.177Z] ShutdownReqHand - _handle - About to shutdown
[INFO  - 2017-03-11T02:50:06.065Z] GhostDriver - Main - running on port 43384
[INFO  - 2017-03-11T02:50:06.274Z] Session [6edd75e0-0605-11e7-8dbc-aff77bd6657d] - page.settings - {"XSSAuditingEnabled":false,"javascriptCanCloseWindows":true,"javascriptCanOpenWindows":true,"javascriptEnabled":true,"loadImages":true,"localToRemoteUrlAccessEnabled":false,"userAgent":"Mozilla/5.0 (Windows NT 6.2; WOW64) AppleWebKit/538.1 (KHTML, like Gecko) PhantomJS/2.1.1 Safari/538.1","webSecurityEnabled":true}
[INFO  - 2017-03-11T02:50:06.274Z] Session [6edd75e0-0605-11e7-8dbc-aff77bd6657d] - page.customHeaders:  - {}
[INFO  - 2017-03-11T02:50:06.274Z] Session [6edd75e0-0605-11e7-8dbc-aff77bd6657d] - Session.negotiatedCapabilities - {"browserName":"phantomjs","version":"2.1.1","driverName":"ghostdriver","driverVersion":"1.2.0","platform":"windows-10-32bit","javascriptEnabled":true,"takesScreenshot":true,"handlesAlerts":false,"databaseEnabled":false,"locationContextEnabled":false,"applicationCacheEnabled":false,"browserConnectionEnabled":false,"cssSelectorsEnabled":true,"webStorageEnabled":false,"rotatable":false,"acceptSslCerts":false,"nativeEvents":true,"proxy":{"proxyType":"direct"}}
[INFO  - 2017-03-11T02:50:06.274Z] SessionManagerReqHand - _postNewSessionCommand - New Session Created: 6edd75e0-0605-11e7-8dbc-aff77bd6657d
[INFO  - 2017-03-11T02:50:06.706Z] ShutdownReqHand - _handle - About to shutdown
[INFO  - 2017-03-11T03:07:17.558Z] GhostDriver - Main - running on port 10370
[INFO  - 2017-03-11T03:07:17.718Z] Session [d5a75320-0607-11e7-891e-657e074824a1] - page.settings - {"XSSAuditingEnabled":false,"javascriptCanCloseWindows":true,"javascriptCanOpenWindows":true,"javascriptEnabled":true,"loadImages":true,"localToRemoteUrlAccessEnabled":false,"userAgent":"Mozilla/5.0 (Windows NT 6.2; WOW64) AppleWebKit/538.1 (KHTML, like Gecko) PhantomJS/2.1.1 Safari/538.1","webSecurityEnabled":true}
[INFO  - 2017-03-11T03:07:17.718Z] Session [d5a75320-0607-11e7-891e-657e074824a1] - page.customHeaders:  - {}
[INFO  - 2017-03-11T03:07:17.718Z] Session [d5a75320-0607-11e7-891e-657e074824a1] - Session.negotiatedCapabilities - {"browserName":"phantomjs","version":"2.1.1","driverName":"ghostdriver","driverVersion":"1.2.0","platform":"windows-10-32bit","javascriptEnabled":true,"takesScreenshot":true,"handlesAlerts":false,"databaseEnabled":false,"locationContextEnabled":false,"applicationCacheEnabled":false,"browserConnectionEnabled":false,"cssSelectorsEnabled":true,"webStorageEnabled":false,"rotatable":false,"acceptSslCerts":false,"nativeEvents":true,"proxy":{"proxyType":"direct"}}
[INFO  - 2017-03-11T03:07:17.718Z] SessionManagerReqHand - _postNewSessionCommand - New Session Created: d5a75320-0607-11e7-891e-657e074824a1
[INFO  - 2017-03-11T03:07:18.134Z] ShutdownReqHand - _handle - About to shutdown
[INFO  - 2017-03-11T03:22:43.520Z] GhostDriver - Main - running on port 17137
[INFO  - 2017-03-11T03:22:43.692Z] Session [fd93be80-0609-11e7-967f-df81985be0d4] - page.settings - {"XSSAuditingEnabled":false,"javascriptCanCloseWindows":true,"javascriptCanOpenWindows":true,"javascriptEnabled":true,"loadImages":true,"localToRemoteUrlAccessEnabled":false,"userAgent":"Mozilla/5.0 (Windows NT 6.2; WOW64) AppleWebKit/538.1 (KHTML, like Gecko) PhantomJS/2.1.1 Safari/538.1","webSecurityEnabled":true}
[INFO  - 2017-03-11T03:22:43.692Z] Session [fd93be80-0609-11e7-967f-df81985be0d4] - page.customHeaders:  - {}
[INFO  - 2017-03-11T03:22:43.692Z] Session [fd93be80-0609-11e7-967f-df81985be0d4] - Session.negotiatedCapabilities - {"browserName":"phantomjs","version":"2.1.1","driverName":"ghostdriver","driverVersion":"1.2.0","platform":"windows-10-32bit","javascriptEnabled":true,"takesScreenshot":true,"handlesAlerts":false,"databaseEnabled":false,"locationContextEnabled":false,"applicationCacheEnabled":false,"browserConnectionEnabled":false,"cssSelectorsEnabled":true,"webStorageEnabled":false,"rotatable":false,"acceptSslCerts":false,"nativeEvents":true,"proxy":{"proxyType":"direct"}}
[INFO  - 2017-03-11T03:22:43.692Z] SessionManagerReqHand - _postNewSessionCommand - New Session Created: fd93be80-0609-11e7-967f-df81985be0d4
[INFO  - 2017-03-11T03:22:44.107Z] ShutdownReqHand - _handle - About to shutdown
[INFO  - 2017-03-11T03:28:01.550Z] GhostDriver - Main - running on port 31372
[INFO  - 2017-03-11T03:28:01.663Z] Session [bb1a44b0-060a-11e7-9b5b-75fb601fe0be] - page.settings - {"XSSAuditingEnabled":false,"javascriptCanCloseWindows":true,"javascriptCanOpenWindows":true,"javascriptEnabled":true,"loadImages":true,"localToRemoteUrlAccessEnabled":false,"userAgent":"Mozilla/5.0 (Windows NT 6.2; WOW64) AppleWebKit/538.1 (KHTML, like Gecko) PhantomJS/2.1.1 Safari/538.1","webSecurityEnabled":true}
[INFO  - 2017-03-11T03:28:01.663Z] Session [bb1a44b0-060a-11e7-9b5b-75fb601fe0be] - page.customHeaders:  - {}
[INFO  - 2017-03-11T03:28:01.663Z] Session [bb1a44b0-060a-11e7-9b5b-75fb601fe0be] - Session.negotiatedCapabilities - {"browserName":"phantomjs","version":"2.1.1","driverName":"ghostdriver","driverVersion":"1.2.0","platform":"windows-10-32bit","javascriptEnabled":true,"takesScreenshot":true,"handlesAlerts":false,"databaseEnabled":false,"locationContextEnabled":false,"applicationCacheEnabled":false,"browserConnectionEnabled":false,"cssSelectorsEnabled":true,"webStorageEnabled":false,"rotatable":false,"acceptSslCerts":false,"nativeEvents":true,"proxy":{"proxyType":"direct"}}
[INFO  - 2017-03-11T03:28:01.663Z] SessionManagerReqHand - _postNewSessionCommand - New Session Created: bb1a44b0-060a-11e7-9b5b-75fb601fe0be
[INFO  - 2017-03-11T03:28:02.081Z] ShutdownReqHand - _handle - About to shutdown
[INFO  - 2017-03-11T06:10:32.502Z] GhostDriver - Main - running on port 1759
[INFO  - 2017-03-11T06:10:32.657Z] Session [6f25dfd0-0621-11e7-bae9-8118f0591d0b] - page.settings - {"XSSAuditingEnabled":false,"javascriptCanCloseWindows":true,"javascriptCanOpenWindows":true,"javascriptEnabled":true,"loadImages":true,"localToRemoteUrlAccessEnabled":false,"userAgent":"Mozilla/5.0 (Windows NT 6.2; WOW64) AppleWebKit/538.1 (KHTML, like Gecko) PhantomJS/2.1.1 Safari/538.1","webSecurityEnabled":true}
[INFO  - 2017-03-11T06:10:32.657Z] Session [6f25dfd0-0621-11e7-bae9-8118f0591d0b] - page.customHeaders:  - {}
[INFO  - 2017-03-11T06:10:32.658Z] Session [6f25dfd0-0621-11e7-bae9-8118f0591d0b] - Session.negotiatedCapabilities - {"browserName":"phantomjs","version":"2.1.1","driverName":"ghostdriver","driverVersion":"1.2.0","platform":"windows-10-32bit","javascriptEnabled":true,"takesScreenshot":true,"handlesAlerts":false,"databaseEnabled":false,"locationContextEnabled":false,"applicationCacheEnabled":false,"browserConnectionEnabled":false,"cssSelectorsEnabled":true,"webStorageEnabled":false,"rotatable":false,"acceptSslCerts":false,"nativeEvents":true,"proxy":{"proxyType":"direct"}}
[INFO  - 2017-03-11T06:10:32.658Z] SessionManagerReqHand - _postNewSessionCommand - New Session Created: 6f25dfd0-0621-11e7-bae9-8118f0591d0b
[INFO  - 2017-03-11T06:10:33.070Z] ShutdownReqHand - _handle - About to shutdown
[INFO  - 2017-03-11T06:27:35.607Z] GhostDriver - Main - running on port 22819
[INFO  - 2017-03-11T06:27:35.759Z] Session [d0f700c0-0623-11e7-969b-45c033c07323] - page.settings - {"XSSAuditingEnabled":false,"javascriptCanCloseWindows":true,"javascriptCanOpenWindows":true,"javascriptEnabled":true,"loadImages":true,"localToRemoteUrlAccessEnabled":false,"userAgent":"Mozilla/5.0 (Windows NT 6.2; WOW64) AppleWebKit/538.1 (KHTML, like Gecko) PhantomJS/2.1.1 Safari/538.1","webSecurityEnabled":true}
[INFO  - 2017-03-11T06:27:35.760Z] Session [d0f700c0-0623-11e7-969b-45c033c07323] - page.customHeaders:  - {}
[INFO  - 2017-03-11T06:27:35.760Z] Session [d0f700c0-0623-11e7-969b-45c033c07323] - Session.negotiatedCapabilities - {"browserName":"phantomjs","version":"2.1.1","driverName":"ghostdriver","driverVersion":"1.2.0","platform":"windows-10-32bit","javascriptEnabled":true,"takesScreenshot":true,"handlesAlerts":false,"databaseEnabled":false,"locationContextEnabled":false,"applicationCacheEnabled":false,"browserConnectionEnabled":false,"cssSelectorsEnabled":true,"webStorageEnabled":false,"rotatable":false,"acceptSslCerts":false,"nativeEvents":true,"proxy":{"proxyType":"direct"}}
[INFO  - 2017-03-11T06:27:35.760Z] SessionManagerReqHand - _postNewSessionCommand - New Session Created: d0f700c0-0623-11e7-969b-45c033c07323
[INFO  - 2017-03-11T06:27:36.176Z] ShutdownReqHand - _handle - About to shutdown
[INFO  - 2017-03-11T06:31:16.442Z] GhostDriver - Main - running on port 11202
[INFO  - 2017-03-11T06:31:17.121Z] Session [54e802d0-0624-11e7-9d88-21fd9c6b6f27] - page.settings - {"XSSAuditingEnabled":false,"javascriptCanCloseWindows":true,"javascriptCanOpenWindows":true,"javascriptEnabled":true,"loadImages":true,"localToRemoteUrlAccessEnabled":false,"userAgent":"Mozilla/5.0 (Windows NT 6.2; WOW64) AppleWebKit/538.1 (KHTML, like Gecko) PhantomJS/2.1.1 Safari/538.1","webSecurityEnabled":true}
[INFO  - 2017-03-11T06:31:17.122Z] Session [54e802d0-0624-11e7-9d88-21fd9c6b6f27] - page.customHeaders:  - {}
[INFO  - 2017-03-11T06:31:17.122Z] Session [54e802d0-0624-11e7-9d88-21fd9c6b6f27] - Session.negotiatedCapabilities - {"browserName":"phantomjs","version":"2.1.1","driverName":"ghostdriver","driverVersion":"1.2.0","platform":"windows-10-32bit","javascriptEnabled":true,"takesScreenshot":true,"handlesAlerts":false,"databaseEnabled":false,"locationContextEnabled":false,"applicationCacheEnabled":false,"browserConnectionEnabled":false,"cssSelectorsEnabled":true,"webStorageEnabled":false,"rotatable":false,"acceptSslCerts":false,"nativeEvents":true,"proxy":{"proxyType":"direct"}}
[INFO  - 2017-03-11T06:31:17.122Z] SessionManagerReqHand - _postNewSessionCommand - New Session Created: 54e802d0-0624-11e7-9d88-21fd9c6b6f27
[INFO  - 2017-03-11T06:31:17.545Z] ShutdownReqHand - _handle - About to shutdown
[INFO  - 2017-03-11T06:36:09.753Z] GhostDriver - Main - running on port 8105
[INFO  - 2017-03-11T06:36:09.930Z] Session [036f1e60-0625-11e7-b479-89e762799c77] - page.settings - {"XSSAuditingEnabled":false,"javascriptCanCloseWindows":true,"javascriptCanOpenWindows":true,"javascriptEnabled":true,"loadImages":true,"localToRemoteUrlAccessEnabled":false,"userAgent":"Mozilla/5.0 (Windows NT 6.2; WOW64) AppleWebKit/538.1 (KHTML, like Gecko) PhantomJS/2.1.1 Safari/538.1","webSecurityEnabled":true}
[INFO  - 2017-03-11T06:36:09.930Z] Session [036f1e60-0625-11e7-b479-89e762799c77] - page.customHeaders:  - {}
[INFO  - 2017-03-11T06:36:09.931Z] Session [036f1e60-0625-11e7-b479-89e762799c77] - Session.negotiatedCapabilities - {"browserName":"phantomjs","version":"2.1.1","driverName":"ghostdriver","driverVersion":"1.2.0","platform":"windows-10-32bit","javascriptEnabled":true,"takesScreenshot":true,"handlesAlerts":false,"databaseEnabled":false,"locationContextEnabled":false,"applicationCacheEnabled":false,"browserConnectionEnabled":false,"cssSelectorsEnabled":true,"webStorageEnabled":false,"rotatable":false,"acceptSslCerts":false,"nativeEvents":true,"proxy":{"proxyType":"direct"}}
[INFO  - 2017-03-11T06:36:09.931Z] SessionManagerReqHand - _postNewSessionCommand - New Session Created: 036f1e60-0625-11e7-b479-89e762799c77
[INFO  - 2017-03-11T06:36:10.343Z] ShutdownReqHand - _handle - About to shutdown
[INFO  - 2017-03-11T08:13:50.976Z] GhostDriver - Main - running on port 35004
[INFO  - 2017-03-11T08:13:51.103Z] Session [a8f74bc0-0632-11e7-8572-efd221185835] - page.settings - {"XSSAuditingEnabled":false,"javascriptCanCloseWindows":true,"javascriptCanOpenWindows":true,"javascriptEnabled":true,"loadImages":true,"localToRemoteUrlAccessEnabled":false,"userAgent":"Mozilla/5.0 (Windows NT 6.2; WOW64) AppleWebKit/538.1 (KHTML, like Gecko) PhantomJS/2.1.1 Safari/538.1","webSecurityEnabled":true}
[INFO  - 2017-03-11T08:13:51.104Z] Session [a8f74bc0-0632-11e7-8572-efd221185835] - page.customHeaders:  - {}
[INFO  - 2017-03-11T08:13:51.104Z] Session [a8f74bc0-0632-11e7-8572-efd221185835] - Session.negotiatedCapabilities - {"browserName":"phantomjs","version":"2.1.1","driverName":"ghostdriver","driverVersion":"1.2.0","platform":"windows-10-32bit","javascriptEnabled":true,"takesScreenshot":true,"handlesAlerts":false,"databaseEnabled":false,"locationContextEnabled":false,"applicationCacheEnabled":false,"browserConnectionEnabled":false,"cssSelectorsEnabled":true,"webStorageEnabled":false,"rotatable":false,"acceptSslCerts":false,"nativeEvents":true,"proxy":{"proxyType":"direct"}}
[INFO  - 2017-03-11T08:13:51.104Z] SessionManagerReqHand - _postNewSessionCommand - New Session Created: a8f74bc0-0632-11e7-8572-efd221185835
[INFO  - 2017-03-11T08:13:51.518Z] ShutdownReqHand - _handle - About to shutdown
